[2019-07-17 13:34:24,444] INFO org.github.dragos.vscode.Main$ - Starting server in /Users/huangrichao/project/Learn/quickscala
[2019-07-17 13:34:24,444] INFO org.github.dragos.vscode.Main$ - Starting server in /Users/huangrichao/project/Learn/quickscala
[2019-07-17 13:34:24,464] INFO org.github.dragos.vscode.Main$ - Classpath: /Users/huangrichao/.vscode/extensions/dragos.scala-lsp-0.2.3/coursier
[2019-07-17 13:34:24,464] INFO org.github.dragos.vscode.Main$ - Classpath: /Users/huangrichao/.vscode/extensions/dragos.scala-lsp-0.2.3/coursier
[2019-07-17 13:34:24,711] DEBUG langserver.core.MessageReader - Received headers:
Content-Length: 1215
[2019-07-17 13:34:24,711] DEBUG langserver.core.MessageReader - Received headers:
Content-Length: 1215
[2019-07-17 13:34:24,737] DEBUG langserver.core.Connection - Received {"jsonrpc":"2.0","id":0,"method":"initialize","params":{"processId":59768,"rootPath":"/Users/huangrichao/project/Learn/quickscala","rootUri":"file:///Users/huangrichao/project/Learn/quickscala","capabilities":{"workspace":{"applyEdit":true,"didChangeConfiguration":{"dynamicRegistration":false},"didChangeWatchedFiles":{"dynamicRegistration":false},"symbol":{"dynamicRegistration":true},"executeCommand":{"dynamicRegistration":true}},"textDocument":{"synchronization":{"dynamicRegistration":true,"willSave":true,"willSaveWaitUntil":true,"didSave":true},"completion":{"dynamicRegistration":true,"completionItem":{"snippetSupport":true}},"hover":{"dynamicRegistration":true},"signatureHelp":{"dynamicRegistration":true},"references":{"dynamicRegistration":true},"documentHighlight":{"dynamicRegistration":true},"documentSymbol":{"dynamicRegistration":true},"formatting":{"dynamicRegistration":true},"rangeFormatting":{"dynamicRegistration":true},"onTypeFormatting":{"dynamicRegistration":true},"definition":{"dynamicRegistration":true},"codeAction":{"dynamicRegistration":true},"codeLens":{"dynamicRegistration":true},"documentLink":{"dynamicRegistration":true},"rename":{"dynamicRegistration":true}}},"trace":"off"}}
[2019-07-17 13:34:24,737] DEBUG langserver.core.Connection - Received {"jsonrpc":"2.0","id":0,"method":"initialize","params":{"processId":59768,"rootPath":"/Users/huangrichao/project/Learn/quickscala","rootUri":"file:///Users/huangrichao/project/Learn/quickscala","capabilities":{"workspace":{"applyEdit":true,"didChangeConfiguration":{"dynamicRegistration":false},"didChangeWatchedFiles":{"dynamicRegistration":false},"symbol":{"dynamicRegistration":true},"executeCommand":{"dynamicRegistration":true}},"textDocument":{"synchronization":{"dynamicRegistration":true,"willSave":true,"willSaveWaitUntil":true,"didSave":true},"completion":{"dynamicRegistration":true,"completionItem":{"snippetSupport":true}},"hover":{"dynamicRegistration":true},"signatureHelp":{"dynamicRegistration":true},"references":{"dynamicRegistration":true},"documentHighlight":{"dynamicRegistration":true},"documentSymbol":{"dynamicRegistration":true},"formatting":{"dynamicRegistration":true},"rangeFormatting":{"dynamicRegistration":true},"onTypeFormatting":{"dynamicRegistration":true},"definition":{"dynamicRegistration":true},"codeAction":{"dynamicRegistration":true},"codeLens":{"dynamicRegistration":true},"documentLink":{"dynamicRegistration":true},"rename":{"dynamicRegistration":true}}},"trace":"off"}}
[2019-07-17 13:34:25,648] INFO org.github.dragos.vscode.EnsimeLanguageServer - Initialized with 59768, /Users/huangrichao/project/Learn/quickscala, ClientCapabilities()
[2019-07-17 13:34:25,648] INFO org.github.dragos.vscode.EnsimeLanguageServer - Initialized with 59768, /Users/huangrichao/project/Learn/quickscala, ClientCapabilities()
[2019-07-17 13:34:25,650] DEBUG org.github.dragos.vscode.EnsimeLanguageServer - ensime.config = "/Users/huangrichao/project/Learn/quickscala/.ensime" 
[2019-07-17 13:34:25,650] DEBUG org.github.dragos.vscode.EnsimeLanguageServer - ensime.config = "/Users/huangrichao/project/Learn/quickscala/.ensime" 
[2019-07-17 13:34:27,035] INFO akka.event.slf4j.Slf4jLogger - Slf4jLogger started
[2019-07-17 13:34:28,210] ERROR org.github.dragos.vscode.EnsimeLanguageServer - initializeEnsime Error: /Users/huangrichao/project/Learn/quickscala/.ensime
[2019-07-17 13:34:28,210] ERROR org.github.dragos.vscode.EnsimeLanguageServer - initializeEnsime Error: /Users/huangrichao/project/Learn/quickscala/.ensime
[2019-07-17 13:34:29,174] DEBUG langserver.core.MessageWriter - Content-Length: 146



{"jsonrpc":"2.0","method":"window/showMessage","params":{"tpe":1,"message":"No .ensime file in directory. Run `sbt ensimeConfig` to create one."}}
[2019-07-17 13:34:29,174] DEBUG langserver.core.MessageWriter - Content-Length: 146



{"jsonrpc":"2.0","method":"window/showMessage","params":{"tpe":1,"message":"No .ensime file in directory. Run `sbt ensimeConfig` to create one."}}
[2019-07-17 13:34:29,176] DEBUG langserver.core.MessageWriter - payload: {"jsonrpc":"2.0","method":"window/showMessage","params":{"tpe":1,"message":"No .ensime file in directory. Run `sbt ensimeConfig` to create one."}}
[2019-07-17 13:34:29,176] DEBUG langserver.core.MessageWriter - payload: {"jsonrpc":"2.0","method":"window/showMessage","params":{"tpe":1,"message":"No .ensime file in directory. Run `sbt ensimeConfig` to create one."}}
[2019-07-17 13:34:29,903] DEBUG langserver.core.MessageWriter - Content-Length: 441



{"jsonrpc":"2.0","result":{"capabilities":{"textDocumentSync":1,"hoverProvider":true,"completionProvider":{"resolveProvider":false,"triggerCharacters":["."]},"definitionProvider":true,"referencesProvider":false,"documentHighlightProvider":false,"documentSymbolProvider":true,"workspaceSymbolProvider":false,"codeActionProvider":false,"documentFormattingProvider":false,"documentRangeFormattingProvider":false,"renameProvider":false}},"id":0}
[2019-07-17 13:34:29,903] DEBUG langserver.core.MessageWriter - Content-Length: 441



{"jsonrpc":"2.0","result":{"capabilities":{"textDocumentSync":1,"hoverProvider":true,"completionProvider":{"resolveProvider":false,"triggerCharacters":["."]},"definitionProvider":true,"referencesProvider":false,"documentHighlightProvider":false,"documentSymbolProvider":true,"workspaceSymbolProvider":false,"codeActionProvider":false,"documentFormattingProvider":false,"documentRangeFormattingProvider":false,"renameProvider":false}},"id":0}
[2019-07-17 13:34:29,904] DEBUG langserver.core.MessageWriter - payload: {"jsonrpc":"2.0","result":{"capabilities":{"textDocumentSync":1,"hoverProvider":true,"completionProvider":{"resolveProvider":false,"triggerCharacters":["."]},"definitionProvider":true,"referencesProvider":false,"documentHighlightProvider":false,"documentSymbolProvider":true,"workspaceSymbolProvider":false,"codeActionProvider":false,"documentFormattingProvider":false,"documentRangeFormattingProvider":false,"renameProvider":false}},"id":0}
[2019-07-17 13:34:29,904] DEBUG langserver.core.MessageWriter - payload: {"jsonrpc":"2.0","result":{"capabilities":{"textDocumentSync":1,"hoverProvider":true,"completionProvider":{"resolveProvider":false,"triggerCharacters":["."]},"definitionProvider":true,"referencesProvider":false,"documentHighlightProvider":false,"documentSymbolProvider":true,"workspaceSymbolProvider":false,"codeActionProvider":false,"documentFormattingProvider":false,"documentRangeFormattingProvider":false,"renameProvider":false}},"id":0}
[2019-07-17 13:34:29,908] DEBUG langserver.core.MessageReader - Received headers:
Content-Length: 52
[2019-07-17 13:34:29,908] DEBUG langserver.core.MessageReader - Received headers:
Content-Length: 52
[2019-07-17 13:34:29,911] DEBUG langserver.core.Connection - Received {"jsonrpc":"2.0","method":"initialized","params":{}}
[2019-07-17 13:34:29,911] DEBUG langserver.core.Connection - Received {"jsonrpc":"2.0","method":"initialized","params":{}}
[2019-07-17 13:34:29,958] ERROR org.github.dragos.vscode.EnsimeLanguageServer - Unknown notification Initialized()
[2019-07-17 13:34:29,958] ERROR org.github.dragos.vscode.EnsimeLanguageServer - Unknown notification Initialized()
[2019-07-17 13:34:29,959] DEBUG langserver.core.MessageReader - Received headers:
Content-Length: 661
[2019-07-17 13:34:29,959] DEBUG langserver.core.MessageReader - Received headers:
Content-Length: 661
[2019-07-17 13:34:29,962] DEBUG langserver.core.Connection - Received {"jsonrpc":"2.0","method":"textDocument/didOpen","params":{"textDocument":{"uri":"file:///Users/huangrichao/project/Learn/quickscala/src/main/java/HelloWorld.scala","languageId":"scala","version":1,"text":"//cmd+shift+b ??tasks.json\n//f5??launch.json\nimport org.slf4j.LoggerFactory\nimport com.typesafe.scalalogging.slf4j.Logger\n\nobject HelloWorld {\n\n    val logger = Logger(LoggerFactory.getLogger(\"name\"))\n\n    def helo(name:String):String = {\n        s\"Hello,${name}\"\n    }\n    def main(args: Array[String]): Unit = {\n        var x = 10;    \n        println(\"Hello world \" + x)\n        println(helo(\"HuangRichao\"))\n    }\n}"}}}
[2019-07-17 13:34:29,962] DEBUG langserver.core.Connection - Received {"jsonrpc":"2.0","method":"textDocument/didOpen","params":{"textDocument":{"uri":"file:///Users/huangrichao/project/Learn/quickscala/src/main/java/HelloWorld.scala","languageId":"scala","version":1,"text":"//cmd+shift+b ??tasks.json\n//f5??launch.json\nimport org.slf4j.LoggerFactory\nimport com.typesafe.scalalogging.slf4j.Logger\n\nobject HelloWorld {\n\n    val logger = Logger(LoggerFactory.getLogger(\"name\"))\n\n    def helo(name:String):String = {\n        s\"Hello,${name}\"\n    }\n    def main(args: Array[String]): Unit = {\n        var x = 10;    \n        println(\"Hello world \" + x)\n        println(helo(\"HuangRichao\"))\n    }\n}"}}}
[2019-07-17 13:34:30,074] DEBUG langserver.core.MessageReader - Received headers:
Content-Length: 181
[2019-07-17 13:34:30,074] DEBUG langserver.core.MessageReader - Received headers:
Content-Length: 181
[2019-07-17 13:34:30,078] DEBUG langserver.core.Connection - Received {"jsonrpc":"2.0","id":1,"method":"textDocument/documentSymbol","params":{"textDocument":{"uri":"file:///Users/huangrichao/project/Learn/quickscala/src/main/java/HelloWorld.scala"}}}
[2019-07-17 13:34:30,078] DEBUG langserver.core.Connection - Received {"jsonrpc":"2.0","id":1,"method":"textDocument/documentSymbol","params":{"textDocument":{"uri":"file:///Users/huangrichao/project/Learn/quickscala/src/main/java/HelloWorld.scala"}}}
[2019-07-17 13:34:30,092] DEBUG langserver.core.MessageWriter - Content-Length: 36



{"jsonrpc":"2.0","result":[],"id":1}
[2019-07-17 13:34:30,092] DEBUG langserver.core.MessageWriter - Content-Length: 36



{"jsonrpc":"2.0","result":[],"id":1}
[2019-07-17 13:34:30,092] DEBUG langserver.core.MessageWriter - payload: {"jsonrpc":"2.0","result":[],"id":1}
[2019-07-17 13:34:30,092] DEBUG langserver.core.MessageWriter - payload: {"jsonrpc":"2.0","result":[],"id":1}
[2019-07-17 13:35:14,362] DEBUG langserver.core.MessageReader - Received headers:
Content-Length: 956
[2019-07-17 13:35:14,362] DEBUG langserver.core.MessageReader - Received headers:
Content-Length: 956
[2019-07-17 13:35:14,364] DEBUG langserver.core.Connection - Received {"jsonrpc":"2.0","method":"textDocument/didOpen","params":{"textDocument":{"uri":"file:///Users/huangrichao/project/Learn/quickscala/build.sbt","languageId":"scala","version":1,"text":"name := \"hello\"      // ????\n\norganization := \"com.growingio.quickscala\"  // ????\n\nversion := \"0.0.1\"  // ???\n\nscalaVersion := \"2.10.6\"   // ???Scala???\n\n// ??????\n\nlibraryDependencies ++= Seq(\n                            \"ch.qos.logback\" % \"logback-core\" % \"1.0.0\",\n                            \"ch.qos.logback\" % \"logback-classic\" % \"1.0.0\"\n                            )\n\n// ???????????????????\nlibraryDependencies ++= Seq(\"org.scalatest\" %% \"scalatest\" % \"1.8\" % \"test\")\n\naddSbtPlugin(\"org.ensime\" % \"sbt-ensime\" % \"2.5.1\")\n\nlibraryDependencies += \"com.typesafe.scala-logging\" %% \"scala-logging-slf4j\" % \"2.0.4\"\n   \n\n "}}}
[2019-07-17 13:35:14,364] DEBUG langserver.core.Connection - Received {"jsonrpc":"2.0","method":"textDocument/didOpen","params":{"textDocument":{"uri":"file:///Users/huangrichao/project/Learn/quickscala/build.sbt","languageId":"scala","version":1,"text":"name := \"hello\"      // ????\n\norganization := \"com.growingio.quickscala\"  // ????\n\nversion := \"0.0.1\"  // ???\n\nscalaVersion := \"2.10.6\"   // ???Scala???\n\n// ??????\n\nlibraryDependencies ++= Seq(\n                            \"ch.qos.logback\" % \"logback-core\" % \"1.0.0\",\n                            \"ch.qos.logback\" % \"logback-classic\" % \"1.0.0\"\n                            )\n\n// ???????????????????\nlibraryDependencies ++= Seq(\"org.scalatest\" %% \"scalatest\" % \"1.8\" % \"test\")\n\naddSbtPlugin(\"org.ensime\" % \"sbt-ensime\" % \"2.5.1\")\n\nlibraryDependencies += \"com.typesafe.scala-logging\" %% \"scala-logging-slf4j\" % \"2.0.4\"\n   \n\n "}}}
[2019-07-17 13:35:14,376] DEBUG langserver.core.MessageReader - Received headers:
Content-Length: 160
[2019-07-17 13:35:14,376] DEBUG langserver.core.MessageReader - Received headers:
Content-Length: 160
[2019-07-17 13:35:14,377] DEBUG langserver.core.Connection - Received {"jsonrpc":"2.0","id":2,"method":"textDocument/documentSymbol","params":{"textDocument":{"uri":"file:///Users/huangrichao/project/Learn/quickscala/build.sbt"}}}
[2019-07-17 13:35:14,377] DEBUG langserver.core.Connection - Received {"jsonrpc":"2.0","id":2,"method":"textDocument/documentSymbol","params":{"textDocument":{"uri":"file:///Users/huangrichao/project/Learn/quickscala/build.sbt"}}}
[2019-07-17 13:35:14,382] DEBUG langserver.core.MessageWriter - Content-Length: 36



{"jsonrpc":"2.0","result":[],"id":2}
[2019-07-17 13:35:14,382] DEBUG langserver.core.MessageWriter - Content-Length: 36



{"jsonrpc":"2.0","result":[],"id":2}
[2019-07-17 13:35:14,382] DEBUG langserver.core.MessageWriter - payload: {"jsonrpc":"2.0","result":[],"id":2}
[2019-07-17 13:35:14,382] DEBUG langserver.core.MessageWriter - payload: {"jsonrpc":"2.0","result":[],"id":2}
[2019-07-17 13:35:14,632] DEBUG langserver.core.MessageReader - Received headers:
Content-Length: 160
[2019-07-17 13:35:14,632] DEBUG langserver.core.MessageReader - Received headers:
Content-Length: 160
[2019-07-17 13:35:14,633] DEBUG langserver.core.Connection - Received {"jsonrpc":"2.0","id":3,"method":"textDocument/documentSymbol","params":{"textDocument":{"uri":"file:///Users/huangrichao/project/Learn/quickscala/build.sbt"}}}
[2019-07-17 13:35:14,633] DEBUG langserver.core.Connection - Received {"jsonrpc":"2.0","id":3,"method":"textDocument/documentSymbol","params":{"textDocument":{"uri":"file:///Users/huangrichao/project/Learn/quickscala/build.sbt"}}}
[2019-07-17 13:35:14,637] DEBUG langserver.core.MessageWriter - Content-Length: 36



{"jsonrpc":"2.0","result":[],"id":3}
[2019-07-17 13:35:14,637] DEBUG langserver.core.MessageWriter - Content-Length: 36



{"jsonrpc":"2.0","result":[],"id":3}
[2019-07-17 13:35:14,637] DEBUG langserver.core.MessageWriter - payload: {"jsonrpc":"2.0","result":[],"id":3}
[2019-07-17 13:35:14,637] DEBUG langserver.core.MessageWriter - payload: {"jsonrpc":"2.0","result":[],"id":3}
[2019-07-17 13:35:18,960] DEBUG langserver.core.MessageReader - Received headers:
Content-Length: 161
[2019-07-17 13:35:18,960] DEBUG langserver.core.MessageReader - Received headers:
Content-Length: 161
[2019-07-17 13:35:18,961] DEBUG langserver.core.Connection - Received {"jsonrpc":"2.0","method":"workspace/didChangeWatchedFiles","params":{"changes":[{"uri":"file:///Users/huangrichao/project/Learn/quickscala/.ensime","type":1}]}}
[2019-07-17 13:35:18,961] DEBUG langserver.core.Connection - Received {"jsonrpc":"2.0","method":"workspace/didChangeWatchedFiles","params":{"changes":[{"uri":"file:///Users/huangrichao/project/Learn/quickscala/.ensime","type":1}]}}
[2019-07-17 13:35:18,982] DEBUG langserver.core.MessageWriter - Content-Length: 118



{"jsonrpc":"2.0","method":"window/showMessage","params":{"tpe":3,"message":".ensime file change detected. Reloading"}}
[2019-07-17 13:35:18,982] DEBUG langserver.core.MessageWriter - Content-Length: 118



{"jsonrpc":"2.0","method":"window/showMessage","params":{"tpe":3,"message":".ensime file change detected. Reloading"}}
[2019-07-17 13:35:18,982] DEBUG langserver.core.MessageWriter - payload: {"jsonrpc":"2.0","method":"window/showMessage","params":{"tpe":3,"message":".ensime file change detected. Reloading"}}
[2019-07-17 13:35:18,982] DEBUG langserver.core.MessageWriter - payload: {"jsonrpc":"2.0","method":"window/showMessage","params":{"tpe":3,"message":".ensime file change detected. Reloading"}}
[2019-07-17 13:35:18,983] DEBUG org.github.dragos.vscode.EnsimeLanguageServer - ensime.config = "/Users/huangrichao/project/Learn/quickscala/.ensime" 
[2019-07-17 13:35:18,983] DEBUG org.github.dragos.vscode.EnsimeLanguageServer - ensime.config = "/Users/huangrichao/project/Learn/quickscala/.ensime" 
[2019-07-17 13:35:19,016] INFO akka.event.slf4j.Slf4jLogger - Slf4jLogger started
[2019-07-17 13:35:20,881] ERROR org.github.dragos.vscode.EnsimeLanguageServer - initializeEnsime Error: Failed to parse sexp: (SexpAtomP | SexpListP | SexpEmptyList | SexpConsP | SexpQuotedP):1:1 ...""
[2019-07-17 13:35:20,881] ERROR org.github.dragos.vscode.EnsimeLanguageServer - initializeEnsime Error: Failed to parse sexp: (SexpAtomP | SexpListP | SexpEmptyList | SexpConsP | SexpQuotedP):1:1 ...""
[2019-07-17 13:35:20,890] DEBUG langserver.core.MessageWriter - Content-Length: 201



{"jsonrpc":"2.0","method":"window/showMessage","params":{"tpe":1,"message":"Error parsing .ensime: Failed to parse sexp: (SexpAtomP | SexpListP | SexpEmptyList | SexpConsP | SexpQuotedP):1:1 ...\"\""}}
[2019-07-17 13:35:20,890] DEBUG langserver.core.MessageWriter - Content-Length: 201



{"jsonrpc":"2.0","method":"window/showMessage","params":{"tpe":1,"message":"Error parsing .ensime: Failed to parse sexp: (SexpAtomP | SexpListP | SexpEmptyList | SexpConsP | SexpQuotedP):1:1 ...\"\""}}
[2019-07-17 13:35:20,891] DEBUG langserver.core.MessageWriter - payload: {"jsonrpc":"2.0","method":"window/showMessage","params":{"tpe":1,"message":"Error parsing .ensime: Failed to parse sexp: (SexpAtomP | SexpListP | SexpEmptyList | SexpConsP | SexpQuotedP):1:1 ...\"\""}}
[2019-07-17 13:35:20,891] DEBUG langserver.core.MessageWriter - payload: {"jsonrpc":"2.0","method":"window/showMessage","params":{"tpe":1,"message":"Error parsing .ensime: Failed to parse sexp: (SexpAtomP | SexpListP | SexpEmptyList | SexpConsP | SexpQuotedP):1:1 ...\"\""}}
[2019-07-17 13:35:45,894] DEBUG langserver.core.MessageReader - Received headers:
Content-Length: 161
[2019-07-17 13:35:45,894] DEBUG langserver.core.MessageReader - Received headers:
Content-Length: 161
[2019-07-17 13:35:45,896] DEBUG langserver.core.Connection - Received {"jsonrpc":"2.0","method":"workspace/didChangeWatchedFiles","params":{"changes":[{"uri":"file:///Users/huangrichao/project/Learn/quickscala/.ensime","type":2}]}}
[2019-07-17 13:35:45,896] DEBUG langserver.core.Connection - Received {"jsonrpc":"2.0","method":"workspace/didChangeWatchedFiles","params":{"changes":[{"uri":"file:///Users/huangrichao/project/Learn/quickscala/.ensime","type":2}]}}
[2019-07-17 13:35:45,904] DEBUG langserver.core.MessageWriter - Content-Length: 118



{"jsonrpc":"2.0","method":"window/showMessage","params":{"tpe":3,"message":".ensime file change detected. Reloading"}}
[2019-07-17 13:35:45,904] DEBUG langserver.core.MessageWriter - Content-Length: 118



{"jsonrpc":"2.0","method":"window/showMessage","params":{"tpe":3,"message":".ensime file change detected. Reloading"}}
[2019-07-17 13:35:45,904] DEBUG langserver.core.MessageWriter - payload: {"jsonrpc":"2.0","method":"window/showMessage","params":{"tpe":3,"message":".ensime file change detected. Reloading"}}
[2019-07-17 13:35:45,904] DEBUG langserver.core.MessageWriter - payload: {"jsonrpc":"2.0","method":"window/showMessage","params":{"tpe":3,"message":".ensime file change detected. Reloading"}}
[2019-07-17 13:35:45,904] DEBUG org.github.dragos.vscode.EnsimeLanguageServer - ensime.config = "/Users/huangrichao/project/Learn/quickscala/.ensime" 
[2019-07-17 13:35:45,904] DEBUG org.github.dragos.vscode.EnsimeLanguageServer - ensime.config = "/Users/huangrichao/project/Learn/quickscala/.ensime" 
[2019-07-17 13:35:45,948] INFO akka.event.slf4j.Slf4jLogger - Slf4jLogger started
[2019-07-17 13:35:46,023] ERROR org.github.dragos.vscode.EnsimeLanguageServer - initializeEnsime Error: Unable to parse SexpSymbol(up)
[2019-07-17 13:35:46,023] ERROR org.github.dragos.vscode.EnsimeLanguageServer - initializeEnsime Error: Unable to parse SexpSymbol(up)
[2019-07-17 13:35:46,040] DEBUG langserver.core.MessageWriter - Content-Length: 132



{"jsonrpc":"2.0","method":"window/showMessage","params":{"tpe":1,"message":"Error parsing .ensime: Unable to parse SexpSymbol(up)"}}
[2019-07-17 13:35:46,040] DEBUG langserver.core.MessageWriter - Content-Length: 132



{"jsonrpc":"2.0","method":"window/showMessage","params":{"tpe":1,"message":"Error parsing .ensime: Unable to parse SexpSymbol(up)"}}
[2019-07-17 13:35:46,040] DEBUG langserver.core.MessageWriter - payload: {"jsonrpc":"2.0","method":"window/showMessage","params":{"tpe":1,"message":"Error parsing .ensime: Unable to parse SexpSymbol(up)"}}
[2019-07-17 13:35:46,040] DEBUG langserver.core.MessageWriter - payload: {"jsonrpc":"2.0","method":"window/showMessage","params":{"tpe":1,"message":"Error parsing .ensime: Unable to parse SexpSymbol(up)"}}
[2019-07-17 13:36:03,789] DEBUG langserver.core.MessageReader - Received headers:
Content-Length: 160
[2019-07-17 13:36:03,789] DEBUG langserver.core.MessageReader - Received headers:
Content-Length: 160
[2019-07-17 13:36:03,790] DEBUG langserver.core.Connection - Received {"jsonrpc":"2.0","id":4,"method":"textDocument/documentSymbol","params":{"textDocument":{"uri":"file:///Users/huangrichao/project/Learn/quickscala/build.sbt"}}}
[2019-07-17 13:36:03,790] DEBUG langserver.core.Connection - Received {"jsonrpc":"2.0","id":4,"method":"textDocument/documentSymbol","params":{"textDocument":{"uri":"file:///Users/huangrichao/project/Learn/quickscala/build.sbt"}}}
[2019-07-17 13:36:03,799] DEBUG langserver.core.MessageWriter - Content-Length: 36



{"jsonrpc":"2.0","result":[],"id":4}
[2019-07-17 13:36:03,799] DEBUG langserver.core.MessageWriter - Content-Length: 36



{"jsonrpc":"2.0","result":[],"id":4}
[2019-07-17 13:36:03,800] DEBUG langserver.core.MessageWriter - payload: {"jsonrpc":"2.0","result":[],"id":4}
[2019-07-17 13:36:03,800] DEBUG langserver.core.MessageWriter - payload: {"jsonrpc":"2.0","result":[],"id":4}
[2019-07-17 13:36:36,283] DEBUG langserver.core.MessageReader - Received headers:
Content-Length: 160
[2019-07-17 13:36:36,283] DEBUG langserver.core.MessageReader - Received headers:
Content-Length: 160
[2019-07-17 13:36:36,286] DEBUG langserver.core.Connection - Received {"jsonrpc":"2.0","id":5,"method":"textDocument/documentSymbol","params":{"textDocument":{"uri":"file:///Users/huangrichao/project/Learn/quickscala/build.sbt"}}}
[2019-07-17 13:36:36,286] DEBUG langserver.core.Connection - Received {"jsonrpc":"2.0","id":5,"method":"textDocument/documentSymbol","params":{"textDocument":{"uri":"file:///Users/huangrichao/project/Learn/quickscala/build.sbt"}}}
[2019-07-17 13:36:36,292] DEBUG langserver.core.MessageWriter - Content-Length: 36



{"jsonrpc":"2.0","result":[],"id":5}
[2019-07-17 13:36:36,292] DEBUG langserver.core.MessageWriter - Content-Length: 36



{"jsonrpc":"2.0","result":[],"id":5}
[2019-07-17 13:36:36,293] DEBUG langserver.core.MessageWriter - payload: {"jsonrpc":"2.0","result":[],"id":5}
[2019-07-17 13:36:36,293] DEBUG langserver.core.MessageWriter - payload: {"jsonrpc":"2.0","result":[],"id":5}
[2019-07-17 13:36:36,580] DEBUG langserver.core.MessageReader - Received headers:
Content-Length: 187
[2019-07-17 13:36:36,580] DEBUG langserver.core.MessageReader - Received headers:
Content-Length: 187
[2019-07-17 13:36:36,581] DEBUG langserver.core.Connection - Received {"jsonrpc":"2.0","id":6,"method":"textDocument/hover","params":{"textDocument":{"uri":"file:///Users/huangrichao/project/Learn/quickscala/build.sbt"},"position":{"line":8,"character":9}}}
[2019-07-17 13:36:36,581] DEBUG langserver.core.Connection - Received {"jsonrpc":"2.0","id":6,"method":"textDocument/hover","params":{"textDocument":{"uri":"file:///Users/huangrichao/project/Learn/quickscala/build.sbt"},"position":{"line":8,"character":9}}}
[2019-07-17 13:36:36,592] INFO org.github.dragos.vscode.EnsimeLanguageServer - Got hover request at (8, 9).
[2019-07-17 13:36:36,592] INFO org.github.dragos.vscode.EnsimeLanguageServer - Got hover request at (8, 9).
[2019-07-17 13:36:36,632] DEBUG org.github.dragos.vscode.EnsimeLanguageServer - DocUriAtPointReq future completed: succes? false
[2019-07-17 13:36:36,632] DEBUG org.github.dragos.vscode.EnsimeLanguageServer - DocUriAtPointReq future completed: succes? false
[2019-07-17 13:36:36,635] DEBUG org.github.dragos.vscode.EnsimeLanguageServer - TypeAtPointReq future completed: succes? false
[2019-07-17 13:36:36,635] DEBUG org.github.dragos.vscode.EnsimeLanguageServer - TypeAtPointReq future completed: succes? false
[2019-07-17 13:36:38,017] DEBUG langserver.core.MessageReader - Received headers:
Content-Length: 62
[2019-07-17 13:36:38,017] DEBUG langserver.core.MessageReader - Received headers:
Content-Length: 62
[2019-07-17 13:36:38,018] DEBUG langserver.core.Connection - Received {"jsonrpc":"2.0","method":"$/cancelRequest","params":{"id":6}}
[2019-07-17 13:36:38,018] DEBUG langserver.core.Connection - Received {"jsonrpc":"2.0","method":"$/cancelRequest","params":{"id":6}}
[2019-07-17 13:36:38,026] ERROR org.github.dragos.vscode.EnsimeLanguageServer - Unknown notification CancelRequest(6)
[2019-07-17 13:36:38,026] ERROR org.github.dragos.vscode.EnsimeLanguageServer - Unknown notification CancelRequest(6)
[2019-07-17 13:36:41,965] DEBUG langserver.core.MessageReader - Received headers:
Content-Length: 899
[2019-07-17 13:36:41,965] DEBUG langserver.core.MessageReader - Received headers:
Content-Length: 899
[2019-07-17 13:36:41,968] DEBUG langserver.core.Connection - Received {"jsonrpc":"2.0","method":"textDocument/didChange","params":{"textDocument":{"uri":"file:///Users/huangrichao/project/Learn/quickscala/build.sbt","version":2},"contentChanges":[{"text":"name := \"hello\"      // ????\n\norganization := \"com.growingio.quickscala\"  // ????\n\nversion := \"0.0.1\"  // ???\n\nscalaVersion := \"2.10.6\"   // ???Scala???\n\n// ??????\n\nlibraryDependencies ++= Seq(\n                            \"ch.qos.logback\" % \"logback-core\" % \"1.0.0\",\n                            \"ch.qos.logback\" % \"logback-classic\" % \"1.0.0\"\n                            )\n\n// ???????????????????\nlibraryDependencies ++= Seq(\"org.scalatest\" %% \"scalatest\" % \"1.8\" % \"test\")\n\n\nlibraryDependencies += \"com.typesafe.scala-logging\" %% \"scala-logging-slf4j\" % \"2.0.4\"\n   \n\n "}]}}
[2019-07-17 13:36:41,968] DEBUG langserver.core.Connection - Received {"jsonrpc":"2.0","method":"textDocument/didChange","params":{"textDocument":{"uri":"file:///Users/huangrichao/project/Learn/quickscala/build.sbt","version":2},"contentChanges":[{"text":"name := \"hello\"      // ????\n\norganization := \"com.growingio.quickscala\"  // ????\n\nversion := \"0.0.1\"  // ???\n\nscalaVersion := \"2.10.6\"   // ???Scala???\n\n// ??????\n\nlibraryDependencies ++= Seq(\n                            \"ch.qos.logback\" % \"logback-core\" % \"1.0.0\",\n                            \"ch.qos.logback\" % \"logback-classic\" % \"1.0.0\"\n                            )\n\n// ???????????????????\nlibraryDependencies ++= Seq(\"org.scalatest\" %% \"scalatest\" % \"1.8\" % \"test\")\n\n\nlibraryDependencies += \"com.typesafe.scala-logging\" %% \"scala-logging-slf4j\" % \"2.0.4\"\n   \n\n "}]}}
[2019-07-17 13:36:41,992] ERROR langserver.core.Connection - failed notification handler
java.lang.NullPointerException: null
	at org.github.dragos.vscode.EnsimeLanguageServer.onChangeTextDocument(EnsimeLanguageServer.scala:167)
	at langserver.core.LanguageServer.$anonfun$new$1(LanguageServer.scala:42)
	at langserver.core.LanguageServer.$anonfun$new$1$adapted(LanguageServer.scala:40)
	at langserver.core.Connection.$anonfun$notifySubscribers$2(Connection.scala:42)
	at scala.runtime.java8.JFunction0$mcV$sp.apply(JFunction0$mcV$sp.java:12)
	at scala.util.Try$.apply(Try.scala:209)
	at langserver.core.Connection.$anonfun$notifySubscribers$1(Connection.scala:42)
	at scala.collection.immutable.List.foreach(List.scala:389)
	at scala.collection.generic.TraversableForwarder.foreach(TraversableForwarder.scala:35)
	at scala.collection.generic.TraversableForwarder.foreach$(TraversableForwarder.scala:35)
	at scala.collection.mutable.ListBuffer.foreach(ListBuffer.scala:44)
	at langserver.core.Connection.notifySubscribers(Connection.scala:41)
	at langserver.core.Connection.$anonfun$start$4(Connection.scala:99)
	at langserver.core.Connection.$anonfun$start$4$adapted(Connection.scala:99)
	at play.api.libs.json.JsSuccess.fold(JsResult.scala:15)
	at langserver.core.Connection.$anonfun$start$2(Connection.scala:99)
	at langserver.core.Connection.$anonfun$start$2$adapted(Connection.scala:97)
	at scala.Option.fold(Option.scala:158)
	at langserver.core.Connection.start(Connection.scala:97)
	at langserver.core.LanguageServer.start(LanguageServer.scala:50)
	at org.github.dragos.vscode.EnsimeLanguageServer.start(EnsimeLanguageServer.scala:51)
	at org.github.dragos.vscode.Main$.main(Main.scala:23)
	at org.github.dragos.vscode.Main.main(Main.scala)
	at sun.reflect.NativeMethodAccessorImpl.invoke0(Native Method)
	at sun.reflect.NativeMethodAccessorImpl.invoke(NativeMethodAccessorImpl.java:62)
	at sun.reflect.DelegatingMethodAccessorImpl.invoke(DelegatingMethodAccessorImpl.java:43)
	at java.lang.reflect.Method.invoke(Method.java:498)
	at coursier.cli.qn.a(Unknown Source)
	at coursier.cli.qm.i(Unknown Source)
	at coursier.cli.qs.a(Unknown Source)
	at c.g.a.c(Unknown Source)
	at a.b.d_(Unknown Source)
	at c.b.d.E.g(Unknown Source)
	at c.b.e.aU.g(Unknown Source)
	at a.c.a(Unknown Source)
	at coursier.cli.qm.b(Unknown Source)
	at coursier.cli.M.b(Unknown Source)
	at a.J.d_(Unknown Source)
	at c.E.h(Unknown Source)
	at a.c.a(Unknown Source)
	at coursier.cli.Coursier.main(Unknown Source)
	at sun.reflect.NativeMethodAccessorImpl.invoke0(Native Method)
	at sun.reflect.NativeMethodAccessorImpl.invoke(NativeMethodAccessorImpl.java:62)
	at sun.reflect.DelegatingMethodAccessorImpl.invoke(DelegatingMethodAccessorImpl.java:43)
	at java.lang.reflect.Method.invoke(Method.java:498)
	at coursier.Bootstrap.main(Bootstrap.java:412)
[2019-07-17 13:36:41,992] ERROR langserver.core.Connection - failed notification handler
java.lang.NullPointerException: null
	at org.github.dragos.vscode.EnsimeLanguageServer.onChangeTextDocument(EnsimeLanguageServer.scala:167)
	at langserver.core.LanguageServer.$anonfun$new$1(LanguageServer.scala:42)
	at langserver.core.LanguageServer.$anonfun$new$1$adapted(LanguageServer.scala:40)
	at langserver.core.Connection.$anonfun$notifySubscribers$2(Connection.scala:42)
	at scala.runtime.java8.JFunction0$mcV$sp.apply(JFunction0$mcV$sp.java:12)
	at scala.util.Try$.apply(Try.scala:209)
	at langserver.core.Connection.$anonfun$notifySubscribers$1(Connection.scala:42)
	at scala.collection.immutable.List.foreach(List.scala:389)
	at scala.collection.generic.TraversableForwarder.foreach(TraversableForwarder.scala:35)
	at scala.collection.generic.TraversableForwarder.foreach$(TraversableForwarder.scala:35)
	at scala.collection.mutable.ListBuffer.foreach(ListBuffer.scala:44)
	at langserver.core.Connection.notifySubscribers(Connection.scala:41)
	at langserver.core.Connection.$anonfun$start$4(Connection.scala:99)
	at langserver.core.Connection.$anonfun$start$4$adapted(Connection.scala:99)
	at play.api.libs.json.JsSuccess.fold(JsResult.scala:15)
	at langserver.core.Connection.$anonfun$start$2(Connection.scala:99)
	at langserver.core.Connection.$anonfun$start$2$adapted(Connection.scala:97)
	at scala.Option.fold(Option.scala:158)
	at langserver.core.Connection.start(Connection.scala:97)
	at langserver.core.LanguageServer.start(LanguageServer.scala:50)
	at org.github.dragos.vscode.EnsimeLanguageServer.start(EnsimeLanguageServer.scala:51)
	at org.github.dragos.vscode.Main$.main(Main.scala:23)
	at org.github.dragos.vscode.Main.main(Main.scala)
	at sun.reflect.NativeMethodAccessorImpl.invoke0(Native Method)
	at sun.reflect.NativeMethodAccessorImpl.invoke(NativeMethodAccessorImpl.java:62)
	at sun.reflect.DelegatingMethodAccessorImpl.invoke(DelegatingMethodAccessorImpl.java:43)
	at java.lang.reflect.Method.invoke(Method.java:498)
	at coursier.cli.qn.a(Unknown Source)
	at coursier.cli.qm.i(Unknown Source)
	at coursier.cli.qs.a(Unknown Source)
	at c.g.a.c(Unknown Source)
	at a.b.d_(Unknown Source)
	at c.b.d.E.g(Unknown Source)
	at c.b.e.aU.g(Unknown Source)
	at a.c.a(Unknown Source)
	at coursier.cli.qm.b(Unknown Source)
	at coursier.cli.M.b(Unknown Source)
	at a.J.d_(Unknown Source)
	at c.E.h(Unknown Source)
	at a.c.a(Unknown Source)
	at coursier.cli.Coursier.main(Unknown Source)
	at sun.reflect.NativeMethodAccessorImpl.invoke0(Native Method)
	at sun.reflect.NativeMethodAccessorImpl.invoke(NativeMethodAccessorImpl.java:62)
	at sun.reflect.DelegatingMethodAccessorImpl.invoke(DelegatingMethodAccessorImpl.java:43)
	at java.lang.reflect.Method.invoke(Method.java:498)
	at coursier.Bootstrap.main(Bootstrap.java:412)
[2019-07-17 13:36:42,020] DEBUG langserver.core.MessageReader - Received headers:
Content-Length: 160
[2019-07-17 13:36:42,020] DEBUG langserver.core.MessageReader - Received headers:
Content-Length: 160
[2019-07-17 13:36:42,022] DEBUG langserver.core.Connection - Received {"jsonrpc":"2.0","id":7,"method":"textDocument/documentSymbol","params":{"textDocument":{"uri":"file:///Users/huangrichao/project/Learn/quickscala/build.sbt"}}}
[2019-07-17 13:36:42,022] DEBUG langserver.core.Connection - Received {"jsonrpc":"2.0","id":7,"method":"textDocument/documentSymbol","params":{"textDocument":{"uri":"file:///Users/huangrichao/project/Learn/quickscala/build.sbt"}}}
[2019-07-17 13:36:42,027] DEBUG langserver.core.MessageWriter - Content-Length: 36



{"jsonrpc":"2.0","result":[],"id":7}
[2019-07-17 13:36:42,027] DEBUG langserver.core.MessageWriter - Content-Length: 36



{"jsonrpc":"2.0","result":[],"id":7}
[2019-07-17 13:36:42,028] DEBUG langserver.core.MessageWriter - payload: {"jsonrpc":"2.0","result":[],"id":7}
[2019-07-17 13:36:42,028] DEBUG langserver.core.MessageWriter - payload: {"jsonrpc":"2.0","result":[],"id":7}
[2019-07-17 13:36:42,104] DEBUG langserver.core.MessageReader - Received headers:
Content-Length: 160
[2019-07-17 13:36:42,104] DEBUG langserver.core.MessageReader - Received headers:
Content-Length: 160
[2019-07-17 13:36:42,106] DEBUG langserver.core.Connection - Received {"jsonrpc":"2.0","id":8,"method":"textDocument/documentSymbol","params":{"textDocument":{"uri":"file:///Users/huangrichao/project/Learn/quickscala/build.sbt"}}}
[2019-07-17 13:36:42,106] DEBUG langserver.core.Connection - Received {"jsonrpc":"2.0","id":8,"method":"textDocument/documentSymbol","params":{"textDocument":{"uri":"file:///Users/huangrichao/project/Learn/quickscala/build.sbt"}}}
[2019-07-17 13:36:42,115] DEBUG langserver.core.MessageWriter - Content-Length: 36



{"jsonrpc":"2.0","result":[],"id":8}
[2019-07-17 13:36:42,115] DEBUG langserver.core.MessageWriter - Content-Length: 36



{"jsonrpc":"2.0","result":[],"id":8}
[2019-07-17 13:36:42,116] DEBUG langserver.core.MessageWriter - payload: {"jsonrpc":"2.0","result":[],"id":8}
[2019-07-17 13:36:42,116] DEBUG langserver.core.MessageWriter - payload: {"jsonrpc":"2.0","result":[],"id":8}
[2019-07-17 13:36:42,802] DEBUG langserver.core.MessageReader - Received headers:
Content-Length: 899
[2019-07-17 13:36:42,802] DEBUG langserver.core.MessageReader - Received headers:
Content-Length: 899
[2019-07-17 13:36:42,806] DEBUG langserver.core.Connection - Received {"jsonrpc":"2.0","method":"textDocument/didChange","params":{"textDocument":{"uri":"file:///Users/huangrichao/project/Learn/quickscala/build.sbt","version":2},"contentChanges":[{"text":"name := \"hello\"      // ????\n\norganization := \"com.growingio.quickscala\"  // ????\n\nversion := \"0.0.1\"  // ???\n\nscalaVersion := \"2.10.6\"   // ???Scala???\n\n// ??????\n\nlibraryDependencies ++= Seq(\n                            \"ch.qos.logback\" % \"logback-core\" % \"1.0.0\",\n                            \"ch.qos.logback\" % \"logback-classic\" % \"1.0.0\"\n                            )\n\n// ???????????????????\nlibraryDependencies ++= Seq(\"org.scalatest\" %% \"scalatest\" % \"1.8\" % \"test\")\n\n\nlibraryDependencies += \"com.typesafe.scala-logging\" %% \"scala-logging-slf4j\" % \"2.0.4\"\n   \n\n "}]}}
[2019-07-17 13:36:42,806] DEBUG langserver.core.Connection - Received {"jsonrpc":"2.0","method":"textDocument/didChange","params":{"textDocument":{"uri":"file:///Users/huangrichao/project/Learn/quickscala/build.sbt","version":2},"contentChanges":[{"text":"name := \"hello\"      // ????\n\norganization := \"com.growingio.quickscala\"  // ????\n\nversion := \"0.0.1\"  // ???\n\nscalaVersion := \"2.10.6\"   // ???Scala???\n\n// ??????\n\nlibraryDependencies ++= Seq(\n                            \"ch.qos.logback\" % \"logback-core\" % \"1.0.0\",\n                            \"ch.qos.logback\" % \"logback-classic\" % \"1.0.0\"\n                            )\n\n// ???????????????????\nlibraryDependencies ++= Seq(\"org.scalatest\" %% \"scalatest\" % \"1.8\" % \"test\")\n\n\nlibraryDependencies += \"com.typesafe.scala-logging\" %% \"scala-logging-slf4j\" % \"2.0.4\"\n   \n\n "}]}}
[2019-07-17 13:36:42,815] ERROR langserver.core.Connection - failed notification handler
java.lang.NullPointerException: null
	at org.github.dragos.vscode.EnsimeLanguageServer.onChangeTextDocument(EnsimeLanguageServer.scala:167)
	at langserver.core.LanguageServer.$anonfun$new$1(LanguageServer.scala:42)
	at langserver.core.LanguageServer.$anonfun$new$1$adapted(LanguageServer.scala:40)
	at langserver.core.Connection.$anonfun$notifySubscribers$2(Connection.scala:42)
	at scala.runtime.java8.JFunction0$mcV$sp.apply(JFunction0$mcV$sp.java:12)
	at scala.util.Try$.apply(Try.scala:209)
	at langserver.core.Connection.$anonfun$notifySubscribers$1(Connection.scala:42)
	at scala.collection.immutable.List.foreach(List.scala:389)
	at scala.collection.generic.TraversableForwarder.foreach(TraversableForwarder.scala:35)
	at scala.collection.generic.TraversableForwarder.foreach$(TraversableForwarder.scala:35)
	at scala.collection.mutable.ListBuffer.foreach(ListBuffer.scala:44)
	at langserver.core.Connection.notifySubscribers(Connection.scala:41)
	at langserver.core.Connection.$anonfun$start$4(Connection.scala:99)
	at langserver.core.Connection.$anonfun$start$4$adapted(Connection.scala:99)
	at play.api.libs.json.JsSuccess.fold(JsResult.scala:15)
	at langserver.core.Connection.$anonfun$start$2(Connection.scala:99)
	at langserver.core.Connection.$anonfun$start$2$adapted(Connection.scala:97)
	at scala.Option.fold(Option.scala:158)
	at langserver.core.Connection.start(Connection.scala:97)
	at langserver.core.LanguageServer.start(LanguageServer.scala:50)
	at org.github.dragos.vscode.EnsimeLanguageServer.start(EnsimeLanguageServer.scala:51)
	at org.github.dragos.vscode.Main$.main(Main.scala:23)
	at org.github.dragos.vscode.Main.main(Main.scala)
	at sun.reflect.NativeMethodAccessorImpl.invoke0(Native Method)
	at sun.reflect.NativeMethodAccessorImpl.invoke(NativeMethodAccessorImpl.java:62)
	at sun.reflect.DelegatingMethodAccessorImpl.invoke(DelegatingMethodAccessorImpl.java:43)
	at java.lang.reflect.Method.invoke(Method.java:498)
	at coursier.cli.qn.a(Unknown Source)
	at coursier.cli.qm.i(Unknown Source)
	at coursier.cli.qs.a(Unknown Source)
	at c.g.a.c(Unknown Source)
	at a.b.d_(Unknown Source)
	at c.b.d.E.g(Unknown Source)
	at c.b.e.aU.g(Unknown Source)
	at a.c.a(Unknown Source)
	at coursier.cli.qm.b(Unknown Source)
	at coursier.cli.M.b(Unknown Source)
	at a.J.d_(Unknown Source)
	at c.E.h(Unknown Source)
	at a.c.a(Unknown Source)
	at coursier.cli.Coursier.main(Unknown Source)
	at sun.reflect.NativeMethodAccessorImpl.invoke0(Native Method)
	at sun.reflect.NativeMethodAccessorImpl.invoke(NativeMethodAccessorImpl.java:62)
	at sun.reflect.DelegatingMethodAccessorImpl.invoke(DelegatingMethodAccessorImpl.java:43)
	at java.lang.reflect.Method.invoke(Method.java:498)
	at coursier.Bootstrap.main(Bootstrap.java:412)
[2019-07-17 13:36:42,815] ERROR langserver.core.Connection - failed notification handler
java.lang.NullPointerException: null
	at org.github.dragos.vscode.EnsimeLanguageServer.onChangeTextDocument(EnsimeLanguageServer.scala:167)
	at langserver.core.LanguageServer.$anonfun$new$1(LanguageServer.scala:42)
	at langserver.core.LanguageServer.$anonfun$new$1$adapted(LanguageServer.scala:40)
	at langserver.core.Connection.$anonfun$notifySubscribers$2(Connection.scala:42)
	at scala.runtime.java8.JFunction0$mcV$sp.apply(JFunction0$mcV$sp.java:12)
	at scala.util.Try$.apply(Try.scala:209)
	at langserver.core.Connection.$anonfun$notifySubscribers$1(Connection.scala:42)
	at scala.collection.immutable.List.foreach(List.scala:389)
	at scala.collection.generic.TraversableForwarder.foreach(TraversableForwarder.scala:35)
	at scala.collection.generic.TraversableForwarder.foreach$(TraversableForwarder.scala:35)
	at scala.collection.mutable.ListBuffer.foreach(ListBuffer.scala:44)
	at langserver.core.Connection.notifySubscribers(Connection.scala:41)
	at langserver.core.Connection.$anonfun$start$4(Connection.scala:99)
	at langserver.core.Connection.$anonfun$start$4$adapted(Connection.scala:99)
	at play.api.libs.json.JsSuccess.fold(JsResult.scala:15)
	at langserver.core.Connection.$anonfun$start$2(Connection.scala:99)
	at langserver.core.Connection.$anonfun$start$2$adapted(Connection.scala:97)
	at scala.Option.fold(Option.scala:158)
	at langserver.core.Connection.start(Connection.scala:97)
	at langserver.core.LanguageServer.start(LanguageServer.scala:50)
	at org.github.dragos.vscode.EnsimeLanguageServer.start(EnsimeLanguageServer.scala:51)
	at org.github.dragos.vscode.Main$.main(Main.scala:23)
	at org.github.dragos.vscode.Main.main(Main.scala)
	at sun.reflect.NativeMethodAccessorImpl.invoke0(Native Method)
	at sun.reflect.NativeMethodAccessorImpl.invoke(NativeMethodAccessorImpl.java:62)
	at sun.reflect.DelegatingMethodAccessorImpl.invoke(DelegatingMethodAccessorImpl.java:43)
	at java.lang.reflect.Method.invoke(Method.java:498)
	at coursier.cli.qn.a(Unknown Source)
	at coursier.cli.qm.i(Unknown Source)
	at coursier.cli.qs.a(Unknown Source)
	at c.g.a.c(Unknown Source)
	at a.b.d_(Unknown Source)
	at c.b.d.E.g(Unknown Source)
	at c.b.e.aU.g(Unknown Source)
	at a.c.a(Unknown Source)
	at coursier.cli.qm.b(Unknown Source)
	at coursier.cli.M.b(Unknown Source)
	at a.J.d_(Unknown Source)
	at c.E.h(Unknown Source)
	at a.c.a(Unknown Source)
	at coursier.cli.Coursier.main(Unknown Source)
	at sun.reflect.NativeMethodAccessorImpl.invoke0(Native Method)
	at sun.reflect.NativeMethodAccessorImpl.invoke(NativeMethodAccessorImpl.java:62)
	at sun.reflect.DelegatingMethodAccessorImpl.invoke(DelegatingMethodAccessorImpl.java:43)
	at java.lang.reflect.Method.invoke(Method.java:498)
	at coursier.Bootstrap.main(Bootstrap.java:412)
[2019-07-17 13:36:42,818] DEBUG langserver.core.MessageReader - Received headers:
Content-Length: 158
[2019-07-17 13:36:42,818] DEBUG langserver.core.MessageReader - Received headers:
Content-Length: 158
[2019-07-17 13:36:42,820] DEBUG langserver.core.Connection - Received {"jsonrpc":"2.0","method":"textDocument/didSave","params":{"textDocument":{"uri":"file:///Users/huangrichao/project/Learn/quickscala/build.sbt","version":2}}}
[2019-07-17 13:36:42,820] DEBUG langserver.core.Connection - Received {"jsonrpc":"2.0","method":"textDocument/didSave","params":{"textDocument":{"uri":"file:///Users/huangrichao/project/Learn/quickscala/build.sbt","version":2}}}
[2019-07-17 13:36:42,829] DEBUG org.github.dragos.vscode.EnsimeLanguageServer - saveTextDocuemnt TextDocumentIdentifier(file:///Users/huangrichao/project/Learn/quickscala/build.sbt)
[2019-07-17 13:36:42,829] DEBUG org.github.dragos.vscode.EnsimeLanguageServer - saveTextDocuemnt TextDocumentIdentifier(file:///Users/huangrichao/project/Learn/quickscala/build.sbt)
[2019-07-17 13:36:44,098] DEBUG langserver.core.MessageReader - Received headers:
Content-Length: 897
[2019-07-17 13:36:44,098] DEBUG langserver.core.MessageReader - Received headers:
Content-Length: 897
[2019-07-17 13:36:44,105] DEBUG langserver.core.Connection - Received {"jsonrpc":"2.0","method":"textDocument/didChange","params":{"textDocument":{"uri":"file:///Users/huangrichao/project/Learn/quickscala/build.sbt","version":3},"contentChanges":[{"text":"name := \"hello\"      // ????\n\norganization := \"com.growingio.quickscala\"  // ????\n\nversion := \"0.0.1\"  // ???\n\nscalaVersion := \"2.10.6\"   // ???Scala???\n\n// ??????\n\nlibraryDependencies ++= Seq(\n                            \"ch.qos.logback\" % \"logback-core\" % \"1.0.0\",\n                            \"ch.qos.logback\" % \"logback-classic\" % \"1.0.0\"\n                            )\n\n// ???????????????????\nlibraryDependencies ++= Seq(\"org.scalatest\" %% \"scalatest\" % \"1.8\" % \"test\")\n\nlibraryDependencies += \"com.typesafe.scala-logging\" %% \"scala-logging-slf4j\" % \"2.0.4\"\n   \n\n "}]}}
[2019-07-17 13:36:44,105] DEBUG langserver.core.Connection - Received {"jsonrpc":"2.0","method":"textDocument/didChange","params":{"textDocument":{"uri":"file:///Users/huangrichao/project/Learn/quickscala/build.sbt","version":3},"contentChanges":[{"text":"name := \"hello\"      // ????\n\norganization := \"com.growingio.quickscala\"  // ????\n\nversion := \"0.0.1\"  // ???\n\nscalaVersion := \"2.10.6\"   // ???Scala???\n\n// ??????\n\nlibraryDependencies ++= Seq(\n                            \"ch.qos.logback\" % \"logback-core\" % \"1.0.0\",\n                            \"ch.qos.logback\" % \"logback-classic\" % \"1.0.0\"\n                            )\n\n// ???????????????????\nlibraryDependencies ++= Seq(\"org.scalatest\" %% \"scalatest\" % \"1.8\" % \"test\")\n\nlibraryDependencies += \"com.typesafe.scala-logging\" %% \"scala-logging-slf4j\" % \"2.0.4\"\n   \n\n "}]}}
[2019-07-17 13:36:44,114] ERROR langserver.core.Connection - failed notification handler
java.lang.NullPointerException: null
	at org.github.dragos.vscode.EnsimeLanguageServer.onChangeTextDocument(EnsimeLanguageServer.scala:167)
	at langserver.core.LanguageServer.$anonfun$new$1(LanguageServer.scala:42)
	at langserver.core.LanguageServer.$anonfun$new$1$adapted(LanguageServer.scala:40)
	at langserver.core.Connection.$anonfun$notifySubscribers$2(Connection.scala:42)
	at scala.runtime.java8.JFunction0$mcV$sp.apply(JFunction0$mcV$sp.java:12)
	at scala.util.Try$.apply(Try.scala:209)
	at langserver.core.Connection.$anonfun$notifySubscribers$1(Connection.scala:42)
	at scala.collection.immutable.List.foreach(List.scala:389)
	at scala.collection.generic.TraversableForwarder.foreach(TraversableForwarder.scala:35)
	at scala.collection.generic.TraversableForwarder.foreach$(TraversableForwarder.scala:35)
	at scala.collection.mutable.ListBuffer.foreach(ListBuffer.scala:44)
	at langserver.core.Connection.notifySubscribers(Connection.scala:41)
	at langserver.core.Connection.$anonfun$start$4(Connection.scala:99)
	at langserver.core.Connection.$anonfun$start$4$adapted(Connection.scala:99)
	at play.api.libs.json.JsSuccess.fold(JsResult.scala:15)
	at langserver.core.Connection.$anonfun$start$2(Connection.scala:99)
	at langserver.core.Connection.$anonfun$start$2$adapted(Connection.scala:97)
	at scala.Option.fold(Option.scala:158)
	at langserver.core.Connection.start(Connection.scala:97)
	at langserver.core.LanguageServer.start(LanguageServer.scala:50)
	at org.github.dragos.vscode.EnsimeLanguageServer.start(EnsimeLanguageServer.scala:51)
	at org.github.dragos.vscode.Main$.main(Main.scala:23)
	at org.github.dragos.vscode.Main.main(Main.scala)
	at sun.reflect.NativeMethodAccessorImpl.invoke0(Native Method)
	at sun.reflect.NativeMethodAccessorImpl.invoke(NativeMethodAccessorImpl.java:62)
	at sun.reflect.DelegatingMethodAccessorImpl.invoke(DelegatingMethodAccessorImpl.java:43)
	at java.lang.reflect.Method.invoke(Method.java:498)
	at coursier.cli.qn.a(Unknown Source)
	at coursier.cli.qm.i(Unknown Source)
	at coursier.cli.qs.a(Unknown Source)
	at c.g.a.c(Unknown Source)
	at a.b.d_(Unknown Source)
	at c.b.d.E.g(Unknown Source)
	at c.b.e.aU.g(Unknown Source)
	at a.c.a(Unknown Source)
	at coursier.cli.qm.b(Unknown Source)
	at coursier.cli.M.b(Unknown Source)
	at a.J.d_(Unknown Source)
	at c.E.h(Unknown Source)
	at a.c.a(Unknown Source)
	at coursier.cli.Coursier.main(Unknown Source)
	at sun.reflect.NativeMethodAccessorImpl.invoke0(Native Method)
	at sun.reflect.NativeMethodAccessorImpl.invoke(NativeMethodAccessorImpl.java:62)
	at sun.reflect.DelegatingMethodAccessorImpl.invoke(DelegatingMethodAccessorImpl.java:43)
	at java.lang.reflect.Method.invoke(Method.java:498)
	at coursier.Bootstrap.main(Bootstrap.java:412)
[2019-07-17 13:36:44,114] ERROR langserver.core.Connection - failed notification handler
java.lang.NullPointerException: null
	at org.github.dragos.vscode.EnsimeLanguageServer.onChangeTextDocument(EnsimeLanguageServer.scala:167)
	at langserver.core.LanguageServer.$anonfun$new$1(LanguageServer.scala:42)
	at langserver.core.LanguageServer.$anonfun$new$1$adapted(LanguageServer.scala:40)
	at langserver.core.Connection.$anonfun$notifySubscribers$2(Connection.scala:42)
	at scala.runtime.java8.JFunction0$mcV$sp.apply(JFunction0$mcV$sp.java:12)
	at scala.util.Try$.apply(Try.scala:209)
	at langserver.core.Connection.$anonfun$notifySubscribers$1(Connection.scala:42)
	at scala.collection.immutable.List.foreach(List.scala:389)
	at scala.collection.generic.TraversableForwarder.foreach(TraversableForwarder.scala:35)
	at scala.collection.generic.TraversableForwarder.foreach$(TraversableForwarder.scala:35)
	at scala.collection.mutable.ListBuffer.foreach(ListBuffer.scala:44)
	at langserver.core.Connection.notifySubscribers(Connection.scala:41)
	at langserver.core.Connection.$anonfun$start$4(Connection.scala:99)
	at langserver.core.Connection.$anonfun$start$4$adapted(Connection.scala:99)
	at play.api.libs.json.JsSuccess.fold(JsResult.scala:15)
	at langserver.core.Connection.$anonfun$start$2(Connection.scala:99)
	at langserver.core.Connection.$anonfun$start$2$adapted(Connection.scala:97)
	at scala.Option.fold(Option.scala:158)
	at langserver.core.Connection.start(Connection.scala:97)
	at langserver.core.LanguageServer.start(LanguageServer.scala:50)
	at org.github.dragos.vscode.EnsimeLanguageServer.start(EnsimeLanguageServer.scala:51)
	at org.github.dragos.vscode.Main$.main(Main.scala:23)
	at org.github.dragos.vscode.Main.main(Main.scala)
	at sun.reflect.NativeMethodAccessorImpl.invoke0(Native Method)
	at sun.reflect.NativeMethodAccessorImpl.invoke(NativeMethodAccessorImpl.java:62)
	at sun.reflect.DelegatingMethodAccessorImpl.invoke(DelegatingMethodAccessorImpl.java:43)
	at java.lang.reflect.Method.invoke(Method.java:498)
	at coursier.cli.qn.a(Unknown Source)
	at coursier.cli.qm.i(Unknown Source)
	at coursier.cli.qs.a(Unknown Source)
	at c.g.a.c(Unknown Source)
	at a.b.d_(Unknown Source)
	at c.b.d.E.g(Unknown Source)
	at c.b.e.aU.g(Unknown Source)
	at a.c.a(Unknown Source)
	at coursier.cli.qm.b(Unknown Source)
	at coursier.cli.M.b(Unknown Source)
	at a.J.d_(Unknown Source)
	at c.E.h(Unknown Source)
	at a.c.a(Unknown Source)
	at coursier.cli.Coursier.main(Unknown Source)
	at sun.reflect.NativeMethodAccessorImpl.invoke0(Native Method)
	at sun.reflect.NativeMethodAccessorImpl.invoke(NativeMethodAccessorImpl.java:62)
	at sun.reflect.DelegatingMethodAccessorImpl.invoke(DelegatingMethodAccessorImpl.java:43)
	at java.lang.reflect.Method.invoke(Method.java:498)
	at coursier.Bootstrap.main(Bootstrap.java:412)
[2019-07-17 13:36:44,115] DEBUG langserver.core.MessageReader - Received headers:
Content-Length: 160
[2019-07-17 13:36:44,115] DEBUG langserver.core.MessageReader - Received headers:
Content-Length: 160
[2019-07-17 13:36:44,134] DEBUG langserver.core.Connection - Received {"jsonrpc":"2.0","id":9,"method":"textDocument/documentSymbol","params":{"textDocument":{"uri":"file:///Users/huangrichao/project/Learn/quickscala/build.sbt"}}}
[2019-07-17 13:36:44,134] DEBUG langserver.core.Connection - Received {"jsonrpc":"2.0","id":9,"method":"textDocument/documentSymbol","params":{"textDocument":{"uri":"file:///Users/huangrichao/project/Learn/quickscala/build.sbt"}}}
[2019-07-17 13:36:44,141] DEBUG langserver.core.MessageReader - Received headers:
Content-Length: 161
[2019-07-17 13:36:44,141] DEBUG langserver.core.MessageReader - Received headers:
Content-Length: 161
[2019-07-17 13:36:44,142] DEBUG langserver.core.MessageWriter - Content-Length: 36



{"jsonrpc":"2.0","result":[],"id":9}
[2019-07-17 13:36:44,142] DEBUG langserver.core.MessageWriter - Content-Length: 36



{"jsonrpc":"2.0","result":[],"id":9}
[2019-07-17 13:36:44,143] DEBUG langserver.core.MessageWriter - payload: {"jsonrpc":"2.0","result":[],"id":9}
[2019-07-17 13:36:44,143] DEBUG langserver.core.MessageWriter - payload: {"jsonrpc":"2.0","result":[],"id":9}
[2019-07-17 13:36:44,143] DEBUG langserver.core.Connection - Received {"jsonrpc":"2.0","id":10,"method":"textDocument/documentSymbol","params":{"textDocument":{"uri":"file:///Users/huangrichao/project/Learn/quickscala/build.sbt"}}}
[2019-07-17 13:36:44,143] DEBUG langserver.core.Connection - Received {"jsonrpc":"2.0","id":10,"method":"textDocument/documentSymbol","params":{"textDocument":{"uri":"file:///Users/huangrichao/project/Learn/quickscala/build.sbt"}}}
[2019-07-17 13:36:44,148] DEBUG langserver.core.MessageWriter - Content-Length: 37



{"jsonrpc":"2.0","result":[],"id":10}
[2019-07-17 13:36:44,148] DEBUG langserver.core.MessageWriter - Content-Length: 37



{"jsonrpc":"2.0","result":[],"id":10}
[2019-07-17 13:36:44,148] DEBUG langserver.core.MessageWriter - payload: {"jsonrpc":"2.0","result":[],"id":10}
[2019-07-17 13:36:44,148] DEBUG langserver.core.MessageWriter - payload: {"jsonrpc":"2.0","result":[],"id":10}
[2019-07-17 13:36:44,341] DEBUG langserver.core.MessageReader - Received headers:
Content-Length: 897
[2019-07-17 13:36:44,341] DEBUG langserver.core.MessageReader - Received headers:
Content-Length: 897
[2019-07-17 13:36:44,345] DEBUG langserver.core.Connection - Received {"jsonrpc":"2.0","method":"textDocument/didChange","params":{"textDocument":{"uri":"file:///Users/huangrichao/project/Learn/quickscala/build.sbt","version":3},"contentChanges":[{"text":"name := \"hello\"      // ????\n\norganization := \"com.growingio.quickscala\"  // ????\n\nversion := \"0.0.1\"  // ???\n\nscalaVersion := \"2.10.6\"   // ???Scala???\n\n// ??????\n\nlibraryDependencies ++= Seq(\n                            \"ch.qos.logback\" % \"logback-core\" % \"1.0.0\",\n                            \"ch.qos.logback\" % \"logback-classic\" % \"1.0.0\"\n                            )\n\n// ???????????????????\nlibraryDependencies ++= Seq(\"org.scalatest\" %% \"scalatest\" % \"1.8\" % \"test\")\n\nlibraryDependencies += \"com.typesafe.scala-logging\" %% \"scala-logging-slf4j\" % \"2.0.4\"\n   \n\n "}]}}
[2019-07-17 13:36:44,345] DEBUG langserver.core.Connection - Received {"jsonrpc":"2.0","method":"textDocument/didChange","params":{"textDocument":{"uri":"file:///Users/huangrichao/project/Learn/quickscala/build.sbt","version":3},"contentChanges":[{"text":"name := \"hello\"      // ????\n\norganization := \"com.growingio.quickscala\"  // ????\n\nversion := \"0.0.1\"  // ???\n\nscalaVersion := \"2.10.6\"   // ???Scala???\n\n// ??????\n\nlibraryDependencies ++= Seq(\n                            \"ch.qos.logback\" % \"logback-core\" % \"1.0.0\",\n                            \"ch.qos.logback\" % \"logback-classic\" % \"1.0.0\"\n                            )\n\n// ???????????????????\nlibraryDependencies ++= Seq(\"org.scalatest\" %% \"scalatest\" % \"1.8\" % \"test\")\n\nlibraryDependencies += \"com.typesafe.scala-logging\" %% \"scala-logging-slf4j\" % \"2.0.4\"\n   \n\n "}]}}
[2019-07-17 13:36:44,356] ERROR langserver.core.Connection - failed notification handler
java.lang.NullPointerException: null
	at org.github.dragos.vscode.EnsimeLanguageServer.onChangeTextDocument(EnsimeLanguageServer.scala:167)
	at langserver.core.LanguageServer.$anonfun$new$1(LanguageServer.scala:42)
	at langserver.core.LanguageServer.$anonfun$new$1$adapted(LanguageServer.scala:40)
	at langserver.core.Connection.$anonfun$notifySubscribers$2(Connection.scala:42)
	at scala.runtime.java8.JFunction0$mcV$sp.apply(JFunction0$mcV$sp.java:12)
	at scala.util.Try$.apply(Try.scala:209)
	at langserver.core.Connection.$anonfun$notifySubscribers$1(Connection.scala:42)
	at scala.collection.immutable.List.foreach(List.scala:389)
	at scala.collection.generic.TraversableForwarder.foreach(TraversableForwarder.scala:35)
	at scala.collection.generic.TraversableForwarder.foreach$(TraversableForwarder.scala:35)
	at scala.collection.mutable.ListBuffer.foreach(ListBuffer.scala:44)
	at langserver.core.Connection.notifySubscribers(Connection.scala:41)
	at langserver.core.Connection.$anonfun$start$4(Connection.scala:99)
	at langserver.core.Connection.$anonfun$start$4$adapted(Connection.scala:99)
	at play.api.libs.json.JsSuccess.fold(JsResult.scala:15)
	at langserver.core.Connection.$anonfun$start$2(Connection.scala:99)
	at langserver.core.Connection.$anonfun$start$2$adapted(Connection.scala:97)
	at scala.Option.fold(Option.scala:158)
	at langserver.core.Connection.start(Connection.scala:97)
	at langserver.core.LanguageServer.start(LanguageServer.scala:50)
	at org.github.dragos.vscode.EnsimeLanguageServer.start(EnsimeLanguageServer.scala:51)
	at org.github.dragos.vscode.Main$.main(Main.scala:23)
	at org.github.dragos.vscode.Main.main(Main.scala)
	at sun.reflect.NativeMethodAccessorImpl.invoke0(Native Method)
	at sun.reflect.NativeMethodAccessorImpl.invoke(NativeMethodAccessorImpl.java:62)
	at sun.reflect.DelegatingMethodAccessorImpl.invoke(DelegatingMethodAccessorImpl.java:43)
	at java.lang.reflect.Method.invoke(Method.java:498)
	at coursier.cli.qn.a(Unknown Source)
	at coursier.cli.qm.i(Unknown Source)
	at coursier.cli.qs.a(Unknown Source)
	at c.g.a.c(Unknown Source)
	at a.b.d_(Unknown Source)
	at c.b.d.E.g(Unknown Source)
	at c.b.e.aU.g(Unknown Source)
	at a.c.a(Unknown Source)
	at coursier.cli.qm.b(Unknown Source)
	at coursier.cli.M.b(Unknown Source)
	at a.J.d_(Unknown Source)
	at c.E.h(Unknown Source)
	at a.c.a(Unknown Source)
	at coursier.cli.Coursier.main(Unknown Source)
	at sun.reflect.NativeMethodAccessorImpl.invoke0(Native Method)
	at sun.reflect.NativeMethodAccessorImpl.invoke(NativeMethodAccessorImpl.java:62)
	at sun.reflect.DelegatingMethodAccessorImpl.invoke(DelegatingMethodAccessorImpl.java:43)
	at java.lang.reflect.Method.invoke(Method.java:498)
	at coursier.Bootstrap.main(Bootstrap.java:412)
[2019-07-17 13:36:44,356] ERROR langserver.core.Connection - failed notification handler
java.lang.NullPointerException: null
	at org.github.dragos.vscode.EnsimeLanguageServer.onChangeTextDocument(EnsimeLanguageServer.scala:167)
	at langserver.core.LanguageServer.$anonfun$new$1(LanguageServer.scala:42)
	at langserver.core.LanguageServer.$anonfun$new$1$adapted(LanguageServer.scala:40)
	at langserver.core.Connection.$anonfun$notifySubscribers$2(Connection.scala:42)
	at scala.runtime.java8.JFunction0$mcV$sp.apply(JFunction0$mcV$sp.java:12)
	at scala.util.Try$.apply(Try.scala:209)
	at langserver.core.Connection.$anonfun$notifySubscribers$1(Connection.scala:42)
	at scala.collection.immutable.List.foreach(List.scala:389)
	at scala.collection.generic.TraversableForwarder.foreach(TraversableForwarder.scala:35)
	at scala.collection.generic.TraversableForwarder.foreach$(TraversableForwarder.scala:35)
	at scala.collection.mutable.ListBuffer.foreach(ListBuffer.scala:44)
	at langserver.core.Connection.notifySubscribers(Connection.scala:41)
	at langserver.core.Connection.$anonfun$start$4(Connection.scala:99)
	at langserver.core.Connection.$anonfun$start$4$adapted(Connection.scala:99)
	at play.api.libs.json.JsSuccess.fold(JsResult.scala:15)
	at langserver.core.Connection.$anonfun$start$2(Connection.scala:99)
	at langserver.core.Connection.$anonfun$start$2$adapted(Connection.scala:97)
	at scala.Option.fold(Option.scala:158)
	at langserver.core.Connection.start(Connection.scala:97)
	at langserver.core.LanguageServer.start(LanguageServer.scala:50)
	at org.github.dragos.vscode.EnsimeLanguageServer.start(EnsimeLanguageServer.scala:51)
	at org.github.dragos.vscode.Main$.main(Main.scala:23)
	at org.github.dragos.vscode.Main.main(Main.scala)
	at sun.reflect.NativeMethodAccessorImpl.invoke0(Native Method)
	at sun.reflect.NativeMethodAccessorImpl.invoke(NativeMethodAccessorImpl.java:62)
	at sun.reflect.DelegatingMethodAccessorImpl.invoke(DelegatingMethodAccessorImpl.java:43)
	at java.lang.reflect.Method.invoke(Method.java:498)
	at coursier.cli.qn.a(Unknown Source)
	at coursier.cli.qm.i(Unknown Source)
	at coursier.cli.qs.a(Unknown Source)
	at c.g.a.c(Unknown Source)
	at a.b.d_(Unknown Source)
	at c.b.d.E.g(Unknown Source)
	at c.b.e.aU.g(Unknown Source)
	at a.c.a(Unknown Source)
	at coursier.cli.qm.b(Unknown Source)
	at coursier.cli.M.b(Unknown Source)
	at a.J.d_(Unknown Source)
	at c.E.h(Unknown Source)
	at a.c.a(Unknown Source)
	at coursier.cli.Coursier.main(Unknown Source)
	at sun.reflect.NativeMethodAccessorImpl.invoke0(Native Method)
	at sun.reflect.NativeMethodAccessorImpl.invoke(NativeMethodAccessorImpl.java:62)
	at sun.reflect.DelegatingMethodAccessorImpl.invoke(DelegatingMethodAccessorImpl.java:43)
	at java.lang.reflect.Method.invoke(Method.java:498)
	at coursier.Bootstrap.main(Bootstrap.java:412)
[2019-07-17 13:36:44,370] DEBUG langserver.core.MessageReader - Received headers:
Content-Length: 158
[2019-07-17 13:36:44,370] DEBUG langserver.core.MessageReader - Received headers:
Content-Length: 158
[2019-07-17 13:36:44,372] DEBUG langserver.core.Connection - Received {"jsonrpc":"2.0","method":"textDocument/didSave","params":{"textDocument":{"uri":"file:///Users/huangrichao/project/Learn/quickscala/build.sbt","version":3}}}
[2019-07-17 13:36:44,372] DEBUG langserver.core.Connection - Received {"jsonrpc":"2.0","method":"textDocument/didSave","params":{"textDocument":{"uri":"file:///Users/huangrichao/project/Learn/quickscala/build.sbt","version":3}}}
[2019-07-17 13:36:44,377] DEBUG org.github.dragos.vscode.EnsimeLanguageServer - saveTextDocuemnt TextDocumentIdentifier(file:///Users/huangrichao/project/Learn/quickscala/build.sbt)
[2019-07-17 13:36:44,377] DEBUG org.github.dragos.vscode.EnsimeLanguageServer - saveTextDocuemnt TextDocumentIdentifier(file:///Users/huangrichao/project/Learn/quickscala/build.sbt)
[2019-07-17 13:36:50,977] DEBUG langserver.core.MessageReader - Received headers:
Content-Length: 161
[2019-07-17 13:36:50,977] DEBUG langserver.core.MessageReader - Received headers:
Content-Length: 161
[2019-07-17 13:36:50,978] DEBUG langserver.core.Connection - Received {"jsonrpc":"2.0","method":"workspace/didChangeWatchedFiles","params":{"changes":[{"uri":"file:///Users/huangrichao/project/Learn/quickscala/.ensime","type":3}]}}
[2019-07-17 13:36:50,978] DEBUG langserver.core.Connection - Received {"jsonrpc":"2.0","method":"workspace/didChangeWatchedFiles","params":{"changes":[{"uri":"file:///Users/huangrichao/project/Learn/quickscala/.ensime","type":3}]}}
[2019-07-17 13:36:51,416] DEBUG langserver.core.MessageReader - Received headers:
Content-Length: 161
[2019-07-17 13:36:51,416] DEBUG langserver.core.MessageReader - Received headers:
Content-Length: 161
[2019-07-17 13:36:51,418] DEBUG langserver.core.Connection - Received {"jsonrpc":"2.0","id":11,"method":"textDocument/documentSymbol","params":{"textDocument":{"uri":"file:///Users/huangrichao/project/Learn/quickscala/build.sbt"}}}
[2019-07-17 13:36:51,418] DEBUG langserver.core.Connection - Received {"jsonrpc":"2.0","id":11,"method":"textDocument/documentSymbol","params":{"textDocument":{"uri":"file:///Users/huangrichao/project/Learn/quickscala/build.sbt"}}}
[2019-07-17 13:36:51,422] DEBUG langserver.core.MessageWriter - Content-Length: 37



{"jsonrpc":"2.0","result":[],"id":11}
[2019-07-17 13:36:51,422] DEBUG langserver.core.MessageWriter - Content-Length: 37



{"jsonrpc":"2.0","result":[],"id":11}
[2019-07-17 13:36:51,423] DEBUG langserver.core.MessageWriter - payload: {"jsonrpc":"2.0","result":[],"id":11}
[2019-07-17 13:36:51,423] DEBUG langserver.core.MessageWriter - payload: {"jsonrpc":"2.0","result":[],"id":11}
[2019-07-17 18:50:50,483] DEBUG langserver.core.MessageReader - Received headers:
Content-Length: 161
[2019-07-17 18:50:50,483] DEBUG langserver.core.MessageReader - Received headers:
Content-Length: 161
[2019-07-17 18:50:50,525] DEBUG langserver.core.Connection - Received {"jsonrpc":"2.0","id":12,"method":"textDocument/documentSymbol","params":{"textDocument":{"uri":"file:///Users/huangrichao/project/Learn/quickscala/build.sbt"}}}
[2019-07-17 18:50:50,525] DEBUG langserver.core.Connection - Received {"jsonrpc":"2.0","id":12,"method":"textDocument/documentSymbol","params":{"textDocument":{"uri":"file:///Users/huangrichao/project/Learn/quickscala/build.sbt"}}}
[2019-07-17 18:50:50,555] DEBUG langserver.core.MessageWriter - Content-Length: 37



{"jsonrpc":"2.0","result":[],"id":12}
[2019-07-17 18:50:50,555] DEBUG langserver.core.MessageWriter - Content-Length: 37



{"jsonrpc":"2.0","result":[],"id":12}
[2019-07-17 18:50:50,555] DEBUG langserver.core.MessageWriter - payload: {"jsonrpc":"2.0","result":[],"id":12}
[2019-07-17 18:50:50,555] DEBUG langserver.core.MessageWriter - payload: {"jsonrpc":"2.0","result":[],"id":12}
[2019-07-17 19:08:33,686] DEBUG langserver.core.MessageReader - Received headers:
Content-Length: 59
[2019-07-17 19:08:33,686] DEBUG langserver.core.MessageReader - Received headers:
Content-Length: 59
[2019-07-17 19:08:33,695] DEBUG langserver.core.Connection - Received {"jsonrpc":"2.0","id":13,"method":"shutdown","params":null}
[2019-07-17 19:08:33,695] DEBUG langserver.core.Connection - Received {"jsonrpc":"2.0","id":13,"method":"shutdown","params":null}
[2019-07-17 19:08:33,997] DEBUG langserver.core.MessageWriter - Content-Length: 199



{"jsonrpc":"2.0","error":{"code":-32602,"message":"Invalid params","data":{"meaning":"Invalid method parameter(s).","error":{"obj":[{"msg":["command parameters must be given"],"args":[]}]}}},"id":13}
[2019-07-17 19:08:33,997] DEBUG langserver.core.MessageWriter - Content-Length: 199



{"jsonrpc":"2.0","error":{"code":-32602,"message":"Invalid params","data":{"meaning":"Invalid method parameter(s).","error":{"obj":[{"msg":["command parameters must be given"],"args":[]}]}}},"id":13}
[2019-07-17 19:08:33,997] DEBUG langserver.core.MessageWriter - payload: {"jsonrpc":"2.0","error":{"code":-32602,"message":"Invalid params","data":{"meaning":"Invalid method parameter(s).","error":{"obj":[{"msg":["command parameters must be given"],"args":[]}]}}},"id":13}
[2019-07-17 19:08:33,997] DEBUG langserver.core.MessageWriter - payload: {"jsonrpc":"2.0","error":{"code":-32602,"message":"Invalid params","data":{"meaning":"Invalid method parameter(s).","error":{"obj":[{"msg":["command parameters must be given"],"args":[]}]}}},"id":13}
[2019-07-17 19:08:34,703] INFO langserver.core.MessageReader - End of stream, terminating thread
[2019-07-17 19:08:34,703] INFO langserver.core.MessageReader - End of stream, terminating thread
[2019-07-17 19:08:34,705] INFO org.github.dragos.vscode.EnsimeLanguageServer - Shutdown request
[2019-07-17 19:08:34,705] INFO org.github.dragos.vscode.EnsimeLanguageServer - Shutdown request
[2019-07-17 19:08:34,708] INFO org.github.dragos.vscode.EnsimeLanguageServer - Shutting down actor system.
[2019-07-17 19:08:34,708] INFO org.github.dragos.vscode.EnsimeLanguageServer - Shutting down actor system.
[2019-07-17 19:08:34,804] INFO org.github.dragos.vscode.EnsimeLanguageServer - Actor system down.
[2019-07-17 19:08:34,804] INFO org.github.dragos.vscode.EnsimeLanguageServer - Actor system down.
