INFO  time: initialize in 0.56s
WARN  no build target: /Users/huangrichao/project/Learn/quickscala/build.sbt
WARN  no build target: /Users/huangrichao/project/Learn/quickscala/project/plugins.sbt
WARN  no build target: /Users/huangrichao/project/Learn/quickscala/src/main/java/HelloWorld.scala
WARN  no build target: /Users/huangrichao/project/Learn/quickscala/project/plugins.sbt
INFO  skipping build import with status 'Requested'
七月 15, 2019 11:41:36 下午 org.eclipse.lsp4j.jsonrpc.RemoteEndpoint handleCancellation
警告: Unmatched cancel notification for request id 2
七月 15, 2019 11:41:36 下午 org.eclipse.lsp4j.jsonrpc.RemoteEndpoint handleCancellation
警告: Unmatched cancel notification for request id 1
WARN  no build target: /Users/huangrichao/project/Learn/quickscala/project/plugins.sbt
INFO  skipping build import with status 'Requested'
WARN  no build target: 
WARN  no build target: /Users/huangrichao/project/Learn/quickscala/project/plugins.sbt
INFO  skipping build import with status 'Dismissed'
WARN  no build target: 
WARN  no build target: /Users/huangrichao/project/Learn/quickscala/build.sbt
INFO  skipping build import with status 'Dismissed'
WARN  no build target: 
WARN  no build target: /Users/huangrichao/project/Learn/quickscala/build.sbt
INFO  skipping build import with status 'Dismissed'
WARN  no build target: 
WARN  no build target: /Users/huangrichao/project/Learn/quickscala/build.sbt
INFO  skipping build import with status 'Dismissed'
WARN  no build target: 
WARN  no build target: /Users/huangrichao/project/Learn/quickscala/build.sbt
INFO  skipping build import with status 'Dismissed'
WARN  no build target: 
WARN  no build target: /Users/huangrichao/project/Learn/quickscala/build.sbt
INFO  skipping build import with status 'Dismissed'
WARN  no build target: 
WARN  no build target: /Users/huangrichao/project/Learn/quickscala/build.sbt
INFO  skipping build import with status 'Dismissed'
WARN  no build target: 
WARN  no build target: /Users/huangrichao/project/Learn/quickscala/build.sbt
INFO  skipping build import with status 'Dismissed'
WARN  no build target: 
七月 15, 2019 11:43:00 下午 org.eclipse.lsp4j.jsonrpc.RemoteEndpoint handleCancellation
警告: Unmatched cancel notification for request id 60
WARN  no build target: /Users/huangrichao/project/Learn/quickscala/build.sbt
INFO  skipping build import with status 'Dismissed'
WARN  no build target: 
WARN  no build target: /Users/huangrichao/project/Learn/quickscala/build.sbt
INFO  skipping build import with status 'Dismissed'
WARN  no build target: 
WARN  no build target: /Users/huangrichao/project/Learn/quickscala/build.sbt
INFO  skipping build import with status 'Dismissed'
WARN  no build target: 
WARN  no build target: /Users/huangrichao/project/Learn/quickscala/build.sbt
INFO  skipping build import with status 'Dismissed'
WARN  no build target: 
WARN  no build target: /Users/huangrichao/project/Learn/quickscala/build.sbt
INFO  skipping build import with status 'Dismissed'
WARN  no build target: 
WARN  no build target: /Users/huangrichao/project/Learn/quickscala/build.sbt
INFO  skipping build import with status 'Dismissed'
WARN  no build target: 
WARN  no build target: /Users/huangrichao/project/Learn/quickscala/build.sbt
INFO  skipping build import with status 'Dismissed'
WARN  no build target: 
WARN  no build target: /Users/huangrichao/project/Learn/quickscala/build.sbt
INFO  skipping build import with status 'Dismissed'
WARN  no build target: 
WARN  no build target: /Users/huangrichao/project/Learn/quickscala/build.sbt
INFO  skipping build import with status 'Dismissed'
WARN  no build target: 
WARN  no build target: /Users/huangrichao/project/Learn/quickscala/build.sbt
WARN  no build target: 
INFO  running '/Library/Java/JavaVirtualMachines/jdk1.8.0_201.jdk/Contents/Home/bin/java -Djline.terminal=jline.UnsupportedTerminal -Dsbt.log.noformat=true -Dfile.encoding=UTF-8 -jar /var/folders/5p/_v5dj3pd5hv4l4sfqwnnb78w0000gn/T/metals8316784969436638950/sbt-launch.jar metalsEnable bloopInstall'
INFO  [info] Loading settings for project global-plugins from credentials.sbt,metals.sbt ...
INFO  [info] Loading global plugins from /Users/huangrichao/.sbt/1.0/plugins
INFO  [info] Updating ProjectRef(uri("file:/Users/huangrichao/.sbt/1.0/plugins/"), "global-plugins")...
INFO  [error] SERVER ERROR: Connect failed url=http://cnjmtr:9527/artifactory/scala-repos/ch.epfl.scala/sbt-bloop/scala_2.12/sbt_1.0/1.3.2/ivys/ivy.xml
INFO  [warn] 	::::::::::::::::::::::::::::::::::::::::::::::
INFO  [warn] 	::          UNRESOLVED DEPENDENCIES         ::
INFO  [warn] 	::::::::::::::::::::::::::::::::::::::::::::::
INFO  [warn] 	:: ch.epfl.scala#sbt-bloop;1.3.2: Resolution failed several times for dependency: ch.epfl.scala#sbt-bloop;1.3.2 {compile=[default(compile)]}:: 
INFO  [warn] 	maven-proxy-releases-jfrog: unable to get resource for ch/epfl/scala#sbt-bloop;1.3.2: res=http://cnjmtr:9527/artifactory/scala-repos/ch/epfl/scala/sbt-bloop_2.12_1.0/1.3.2/sbt-bloop-1.3.2.pom: java.net.ConnectException: Failed to connect to localhost/0:0:0:0:0:0:0:1:60547
INFO  [warn] 	maven-proxy-releases: unable to get resource for ch/epfl/scala#sbt-bloop;1.3.2: res=http://cnjmtr:8081/nexus/content/groups/public/ch/epfl/scala/sbt-bloop_2.12_1.0/1.3.2/sbt-bloop-1.3.2.pom: java.net.ConnectException: Failed to connect to localhost/0:0:0:0:0:0:0:1:60547
INFO  [warn] 	maven-central: unable to get resource for ch/epfl/scala#sbt-bloop;1.3.2: res=https://repo1.maven.org/maven2/ch/epfl/scala/sbt-bloop_2.12_1.0/1.3.2/sbt-bloop-1.3.2.pom: java.net.ConnectException: Failed to connect to localhost/0:0:0:0:0:0:0:1:60547
INFO  [warn] 	oss-central: unable to get resource for ch/epfl/scala#sbt-bloop;1.3.2: res=https://oss.sonatype.org/content/groups/public/ch/epfl/scala/sbt-bloop_2.12_1.0/1.3.2/sbt-bloop-1.3.2.pom: java.net.ConnectException: Failed to connect to localhost/0:0:0:0:0:0:0:1:60547
INFO  [warn] 	typesafe-ivy: unable to get resource for ch.epfl.scala#sbt-bloop;1.3.2: res=https://repo.typesafe.com/typesafe/ivy-releases/ch.epfl.scala/sbt-bloop/scala_2.12/sbt_1.0/1.3.2/ivys/ivy.xml: java.net.ConnectException: Failed to connect to localhost/0:0:0:0:0:0:0:1:60547
INFO  [warn] 	sbt-plugin-release: unable to get resource for ch.epfl.scala#sbt-bloop;1.3.2: res=https://repo.scala-sbt.org/scalasbt/sbt-plugin-releases/ch.epfl.scala/sbt-bloop/scala_2.12/sbt_1.0/1.3.2/ivys/ivy.xml: java.net.ConnectException: Failed to connect to localhost/0:0:0:0:0:0:0:1:60547
INFO  [warn] 	oss-snapshot: unable to get resource for ch/epfl/scala#sbt-bloop;1.3.2: res=https://oss.sonatype.org/content/repositories/snapshots/ch/epfl/scala/sbt-bloop_2.12_1.0/1.3.2/sbt-bloop-1.3.2.pom: java.net.ConnectException: Failed to connect to localhost/0:0:0:0:0:0:0:1:60547
INFO  [warn] 	libs-release-local: unable to get resource for ch/epfl/scala#sbt-bloop;1.3.2: res=http://cnjmtr:9527/artifactory/libs-release-local/ch/epfl/scala/sbt-bloop_2.12_1.0/1.3.2/sbt-bloop-1.3.2.pom: java.net.ConnectException: Failed to connect to localhost/0:0:0:0:0:0:0:1:60547
INFO  [warn] 	:: org.scalameta#sbt-metals;0.7.0: Resolution failed several times for dependency: org.scalameta#sbt-metals;0.7.0 {compile=[default(compile)]}:: 
INFO  [warn] 	typesafe-ivy-releases: unable to get resource for org.scalameta#sbt-metals;0.7.0: res=https://repo.typesafe.com/typesafe/ivy-releases/org.scalameta/sbt-metals/scala_2.12/sbt_1.0/0.7.0/ivys/ivy.xml: java.net.ConnectException: Failed to connect to localhost/0:0:0:0:0:0:0:1:60547
INFO  [warn] 	sbt-plugin-releases: unable to get resource for org.scalameta#sbt-metals;0.7.0: res=https://repo.scala-sbt.org/scalasbt/sbt-plugin-releases/org.scalameta/sbt-metals/scala_2.12/sbt_1.0/0.7.0/ivys/ivy.xml: java.net.ConnectException: Failed to connect to localhost/0:0:0:0:0:0:0:1:60547
INFO  [warn] 	ali-maven: unable to get resource for org/scalameta#sbt-metals;0.7.0: res=http://maven.aliyun.com/nexus/content/groups/public/org/scalameta/sbt-metals_2.12_1.0/0.7.0/sbt-metals-0.7.0.pom: java.net.ConnectException: Failed to connect to localhost/0:0:0:0:0:0:0:1:60547
INFO  [warn] 	ivy-proxy-releases: unable to get resource for org.scalameta#sbt-metals;0.7.0: res=http://cnjmtr:9527/artifactory/scala-repos/org.scalameta/sbt-metals/scala_2.12/sbt_1.0/0.7.0/ivys/ivy.xml: java.net.ConnectException: Failed to connect to localhost/0:0:0:0:0:0:0:1:60547
INFO  [warn] 	maven-proxy-releases-jfrog: unable to get resource for org/scalameta#sbt-metals;0.7.0: res=http://cnjmtr:9527/artifactory/scala-repos/org/scalameta/sbt-metals_2.12_1.0/0.7.0/sbt-metals-0.7.0.pom: java.net.ConnectException: Failed to connect to localhost/0:0:0:0:0:0:0:1:60547
INFO  [warn] 	maven-proxy-releases: unable to get resource for org/scalameta#sbt-metals;0.7.0: res=http://cnjmtr:8081/nexus/content/groups/public/org/scalameta/sbt-metals_2.12_1.0/0.7.0/sbt-metals-0.7.0.pom: java.net.ConnectException: Failed to connect to localhost/0:0:0:0:0:0:0:1:60547
INFO  [warn] 	maven-central: unable to get resource for org/scalameta#sbt-metals;0.7.0: res=https://repo1.maven.org/maven2/org/scalameta/sbt-metals_2.12_1.0/0.7.0/sbt-metals-0.7.0.pom: java.net.ConnectException: Failed to connect to localhost/0:0:0:0:0:0:0:1:60547
INFO  [warn] 	oss-central: unable to get resource for org/scalameta#sbt-metals;0.7.0: res=https://oss.sonatype.org/content/groups/public/org/scalameta/sbt-metals_2.12_1.0/0.7.0/sbt-metals-0.7.0.pom: java.net.ConnectException: Failed to connect to localhost/0:0:0:0:0:0:0:1:60547
INFO  [warn] 	typesafe-ivy: unable to get resource for org.scalameta#sbt-metals;0.7.0: res=https://repo.typesafe.com/typesafe/ivy-releases/org.scalameta/sbt-metals/scala_2.12/sbt_1.0/0.7.0/ivys/ivy.xml: java.net.ConnectException: Failed to connect to localhost/0:0:0:0:0:0:0:1:60547
INFO  [warn] 	sbt-plugin-release: unable to get resource for org.scalameta#sbt-metals;0.7.0: res=https://repo.scala-sbt.org/scalasbt/sbt-plugin-releases/org.scalameta/sbt-metals/scala_2.12/sbt_1.0/0.7.0/ivys/ivy.xml: java.net.ConnectException: Failed to connect to localhost/0:0:0:0:0:0:0:1:60547
INFO  [warn] 	oss-snapshot: unable to get resource for org/scalameta#sbt-metals;0.7.0: res=https://oss.sonatype.org/content/repositories/snapshots/org/scalameta/sbt-metals_2.12_1.0/0.7.0/sbt-metals-0.7.0.pom: java.net.ConnectException: Failed to connect to localhost/0:0:0:0:0:0:0:1:60547
INFO  [warn] 	libs-release-local: unable to get resource for org/scalameta#sbt-metals;0.7.0: res=http://cnjmtr:9527/artifactory/libs-release-local/org/scalameta/sbt-metals_2.12_1.0/0.7.0/sbt-metals-0.7.0.pom: java.net.ConnectException: Failed to connect to localhost/0:0:0:0:0:0:0:1:60547
INFO  [warn] 	::::::::::::::::::::::::::::::::::::::::::::::
INFO  [warn] 
INFO  [warn] 	Note: Some unresolved dependencies have extra attributes.  Check that these dependencies exist with the requested attributes.
INFO  [warn] 		ch.epfl.scala:sbt-bloop:1.3.2 (scalaVersion=2.12, sbtVersion=1.0)
INFO  [warn] 		org.scalameta:sbt-metals:0.7.0 (scalaVersion=2.12, sbtVersion=1.0)
INFO  [warn] 
INFO  [warn] 	Note: Unresolved dependencies path:
INFO  [warn] 		ch.epfl.scala:sbt-bloop:1.3.2 (scalaVersion=2.12, sbtVersion=1.0) (/Users/huangrichao/.sbt/1.0/plugins/metals.sbt#L6-24)
INFO  [warn] 		  +- org.scala-sbt:global-plugins:0.0 (scalaVersion=2.12, sbtVersion=1.0)
INFO  [warn] 		org.scalameta:sbt-metals:0.7.0 (scalaVersion=2.12, sbtVersion=1.0) (/Users/huangrichao/.sbt/1.0/plugins/metals.sbt#L6-24)
INFO  [warn] 		  +- org.scala-sbt:global-plugins:0.0 (scalaVersion=2.12, sbtVersion=1.0)
INFO  [error] sbt.librarymanagement.ResolveException: unresolved dependency: ch.epfl.scala#sbt-bloop;1.3.2: Resolution failed several times for dependency: ch.epfl.scala#sbt-bloop;1.3.2 {compile=[default(compile)]}:: 
INFO  [error] 	maven-proxy-releases-jfrog: unable to get resource for ch/epfl/scala#sbt-bloop;1.3.2: res=http://cnjmtr:9527/artifactory/scala-repos/ch/epfl/scala/sbt-bloop_2.12_1.0/1.3.2/sbt-bloop-1.3.2.pom: java.net.ConnectException: Failed to connect to localhost/0:0:0:0:0:0:0:1:60547
INFO  [error] 	maven-proxy-releases: unable to get resource for ch/epfl/scala#sbt-bloop;1.3.2: res=http://cnjmtr:8081/nexus/content/groups/public/ch/epfl/scala/sbt-bloop_2.12_1.0/1.3.2/sbt-bloop-1.3.2.pom: java.net.ConnectException: Failed to connect to localhost/0:0:0:0:0:0:0:1:60547
INFO  [error] 	maven-central: unable to get resource for ch/epfl/scala#sbt-bloop;1.3.2: res=https://repo1.maven.org/maven2/ch/epfl/scala/sbt-bloop_2.12_1.0/1.3.2/sbt-bloop-1.3.2.pom: java.net.ConnectException: Failed to connect to localhost/0:0:0:0:0:0:0:1:60547
INFO  [error] 	oss-central: unable to get resource for ch/epfl/scala#sbt-bloop;1.3.2: res=https://oss.sonatype.org/content/groups/public/ch/epfl/scala/sbt-bloop_2.12_1.0/1.3.2/sbt-bloop-1.3.2.pom: java.net.ConnectException: Failed to connect to localhost/0:0:0:0:0:0:0:1:60547
INFO  [error] 	typesafe-ivy: unable to get resource for ch.epfl.scala#sbt-bloop;1.3.2: res=https://repo.typesafe.com/typesafe/ivy-releases/ch.epfl.scala/sbt-bloop/scala_2.12/sbt_1.0/1.3.2/ivys/ivy.xml: java.net.ConnectException: Failed to connect to localhost/0:0:0:0:0:0:0:1:60547
INFO  [error] 	sbt-plugin-release: unable to get resource for ch.epfl.scala#sbt-bloop;1.3.2: res=https://repo.scala-sbt.org/scalasbt/sbt-plugin-releases/ch.epfl.scala/sbt-bloop/scala_2.12/sbt_1.0/1.3.2/ivys/ivy.xml: java.net.ConnectException: Failed to connect to localhost/0:0:0:0:0:0:0:1:60547
INFO  [error] 	oss-snapshot: unable to get resource for ch/epfl/scala#sbt-bloop;1.3.2: res=https://oss.sonatype.org/content/repositories/snapshots/ch/epfl/scala/sbt-bloop_2.12_1.0/1.3.2/sbt-bloop-1.3.2.pom: java.net.ConnectException: Failed to connect to localhost/0:0:0:0:0:0:0:1:60547
INFO  [error] 	libs-release-local: unable to get resource for ch/epfl/scala#sbt-bloop;1.3.2: res=http://cnjmtr:9527/artifactory/libs-release-local/ch/epfl/scala/sbt-bloop_2.12_1.0/1.3.2/sbt-bloop-1.3.2.pom: java.net.ConnectException: Failed to connect to localhost/0:0:0:0:0:0:0:1:60547
INFO  [error] 
INFO  [error] unresolved dependency: org.scalameta#sbt-metals;0.7.0: Resolution failed several times for dependency: org.scalameta#sbt-metals;0.7.0 {compile=[default(compile)]}:: 
INFO  [error] 	typesafe-ivy-releases: unable to get resource for org.scalameta#sbt-metals;0.7.0: res=https://repo.typesafe.com/typesafe/ivy-releases/org.scalameta/sbt-metals/scala_2.12/sbt_1.0/0.7.0/ivys/ivy.xml: java.net.ConnectException: Failed to connect to localhost/0:0:0:0:0:0:0:1:60547
INFO  [error] 	sbt-plugin-releases: unable to get resource for org.scalameta#sbt-metals;0.7.0: res=https://repo.scala-sbt.org/scalasbt/sbt-plugin-releases/org.scalameta/sbt-metals/scala_2.12/sbt_1.0/0.7.0/ivys/ivy.xml: java.net.ConnectException: Failed to connect to localhost/0:0:0:0:0:0:0:1:60547
INFO  [error] 	ali-maven: unable to get resource for org/scalameta#sbt-metals;0.7.0: res=http://maven.aliyun.com/nexus/content/groups/public/org/scalameta/sbt-metals_2.12_1.0/0.7.0/sbt-metals-0.7.0.pom: java.net.ConnectException: Failed to connect to localhost/0:0:0:0:0:0:0:1:60547
INFO  [error] 	ivy-proxy-releases: unable to get resource for org.scalameta#sbt-metals;0.7.0: res=http://cnjmtr:9527/artifactory/scala-repos/org.scalameta/sbt-metals/scala_2.12/sbt_1.0/0.7.0/ivys/ivy.xml: java.net.ConnectException: Failed to connect to localhost/0:0:0:0:0:0:0:1:60547
INFO  [error] 	maven-proxy-releases-jfrog: unable to get resource for org/scalameta#sbt-metals;0.7.0: res=http://cnjmtr:9527/artifactory/scala-repos/org/scalameta/sbt-metals_2.12_1.0/0.7.0/sbt-metals-0.7.0.pom: java.net.ConnectException: Failed to connect to localhost/0:0:0:0:0:0:0:1:60547
INFO  [error] 	maven-proxy-releases: unable to get resource for org/scalameta#sbt-metals;0.7.0: res=http://cnjmtr:8081/nexus/content/groups/public/org/scalameta/sbt-metals_2.12_1.0/0.7.0/sbt-metals-0.7.0.pom: java.net.ConnectException: Failed to connect to localhost/0:0:0:0:0:0:0:1:60547
INFO  [error] 	maven-central: unable to get resource for org/scalameta#sbt-metals;0.7.0: res=https://repo1.maven.org/maven2/org/scalameta/sbt-metals_2.12_1.0/0.7.0/sbt-metals-0.7.0.pom: java.net.ConnectException: Failed to connect to localhost/0:0:0:0:0:0:0:1:60547
INFO  [error] 	oss-central: unable to get resource for org/scalameta#sbt-metals;0.7.0: res=https://oss.sonatype.org/content/groups/public/org/scalameta/sbt-metals_2.12_1.0/0.7.0/sbt-metals-0.7.0.pom: java.net.ConnectException: Failed to connect to localhost/0:0:0:0:0:0:0:1:60547
INFO  [error] 	typesafe-ivy: unable to get resource for org.scalameta#sbt-metals;0.7.0: res=https://repo.typesafe.com/typesafe/ivy-releases/org.scalameta/sbt-metals/scala_2.12/sbt_1.0/0.7.0/ivys/ivy.xml: java.net.ConnectException: Failed to connect to localhost/0:0:0:0:0:0:0:1:60547
INFO  [error] 	sbt-plugin-release: unable to get resource for org.scalameta#sbt-metals;0.7.0: res=https://repo.scala-sbt.org/scalasbt/sbt-plugin-releases/org.scalameta/sbt-metals/scala_2.12/sbt_1.0/0.7.0/ivys/ivy.xml: java.net.ConnectException: Failed to connect to localhost/0:0:0:0:0:0:0:1:60547
INFO  [error] 	oss-snapshot: unable to get resource for org/scalameta#sbt-metals;0.7.0: res=https://oss.sonatype.org/content/repositories/snapshots/org/scalameta/sbt-metals_2.12_1.0/0.7.0/sbt-metals-0.7.0.pom: java.net.ConnectException: Failed to connect to localhost/0:0:0:0:0:0:0:1:60547
INFO  [error] 	libs-release-local: unable to get resource for org/scalameta#sbt-metals;0.7.0: res=http://cnjmtr:9527/artifactory/libs-release-local/org/scalameta/sbt-metals_2.12_1.0/0.7.0/sbt-metals-0.7.0.pom: java.net.ConnectException: Failed to connect to localhost/0:0:0:0:0:0:0:1:60547
INFO  [error] 
INFO  [error] 	at sbt.internal.librarymanagement.IvyActions$.resolveAndRetrieve(IvyActions.scala:332)
INFO  [error] 	at sbt.internal.librarymanagement.IvyActions$.$anonfun$updateEither$1(IvyActions.scala:208)
INFO  [error] 	at sbt.internal.librarymanagement.IvySbt$Module.$anonfun$withModule$1(Ivy.scala:239)
INFO  [error] 	at sbt.internal.librarymanagement.IvySbt.$anonfun$withIvy$1(Ivy.scala:204)
INFO  [error] 	at sbt.internal.librarymanagement.IvySbt.sbt$internal$librarymanagement$IvySbt$$action$1(Ivy.scala:70)
INFO  [error] 	at sbt.internal.librarymanagement.IvySbt$$anon$3.call(Ivy.scala:77)
INFO  [error] 	at xsbt.boot.Locks$GlobalLock.withChannel$1(Locks.scala:95)
INFO  [error] 	at xsbt.boot.Locks$GlobalLock.xsbt$boot$Locks$GlobalLock$$withChannelRetries$1(Locks.scala:80)
INFO  [error] 	at xsbt.boot.Locks$GlobalLock$$anonfun$withFileLock$1.apply(Locks.scala:99)
INFO  [error] 	at xsbt.boot.Using$.withResource(Using.scala:10)
INFO  [error] 	at xsbt.boot.Using$.apply(Using.scala:9)
INFO  [error] 	at xsbt.boot.Locks$GlobalLock.ignoringDeadlockAvoided(Locks.scala:60)
INFO  [error] 	at xsbt.boot.Locks$GlobalLock.withLock(Locks.scala:50)
INFO  [error] 	at xsbt.boot.Locks$.apply0(Locks.scala:31)
INFO  [error] 	at xsbt.boot.Locks$.apply(Locks.scala:28)
INFO  [error] 	at sbt.internal.librarymanagement.IvySbt.withDefaultLogger(Ivy.scala:77)
INFO  [error] 	at sbt.internal.librarymanagement.IvySbt.withIvy(Ivy.scala:199)
INFO  [error] 	at sbt.internal.librarymanagement.IvySbt.withIvy(Ivy.scala:196)
INFO  [error] 	at sbt.internal.librarymanagement.IvySbt$Module.withModule(Ivy.scala:238)
INFO  [error] 	at sbt.internal.librarymanagement.IvyActions$.updateEither(IvyActions.scala:193)
INFO  [error] 	at sbt.librarymanagement.ivy.IvyDependencyResolution.update(IvyDependencyResolution.scala:20)
INFO  [error] 	at sbt.librarymanagement.DependencyResolution.update(DependencyResolution.scala:56)
INFO  [error] 	at sbt.internal.LibraryManagement$.resolve$1(LibraryManagement.scala:45)
INFO  [error] 	at sbt.internal.LibraryManagement$.$anonfun$cachedUpdate$12(LibraryManagement.scala:93)
INFO  [error] 	at sbt.util.Tracked$.$anonfun$lastOutput$1(Tracked.scala:68)
INFO  [error] 	at sbt.internal.LibraryManagement$.$anonfun$cachedUpdate$19(LibraryManagement.scala:106)
INFO  [error] 	at scala.util.control.Exception$Catch.apply(Exception.scala:224)
INFO  [error] 	at sbt.internal.LibraryManagement$.$anonfun$cachedUpdate$11(LibraryManagement.scala:106)
INFO  [error] 	at sbt.internal.LibraryManagement$.$anonfun$cachedUpdate$11$adapted(LibraryManagement.scala:89)
INFO  [error] 	at sbt.util.Tracked$.$anonfun$inputChanged$1(Tracked.scala:149)
INFO  [error] 	at sbt.internal.LibraryManagement$.cachedUpdate(LibraryManagement.scala:120)
INFO  [error] 	at sbt.Classpaths$.$anonfun$updateTask$5(Defaults.scala:2561)
INFO  [error] 	at scala.Function1.$anonfun$compose$1(Function1.scala:44)
INFO  [error] 	at sbt.internal.util.$tilde$greater.$anonfun$$u2219$1(TypeFunctions.scala:40)
INFO  [error] 	at sbt.std.Transform$$anon$4.work(System.scala:67)
INFO  [error] 	at sbt.Execute.$anonfun$submit$2(Execute.scala:269)
INFO  [error] 	at sbt.internal.util.ErrorHandling$.wideConvert(ErrorHandling.scala:16)
INFO  [error] 	at sbt.Execute.work(Execute.scala:278)
INFO  [error] 	at sbt.Execute.$anonfun$submit$1(Execute.scala:269)
INFO  [error] 	at sbt.ConcurrentRestrictions$$anon$4.$anonfun$submitValid$1(ConcurrentRestrictions.scala:178)
INFO  [error] 	at sbt.CompletionService$$anon$2.call(CompletionService.scala:37)
INFO  [error] 	at java.util.concurrent.FutureTask.run(FutureTask.java:266)
INFO  [error] 	at java.util.concurrent.Executors$RunnableAdapter.call(Executors.java:511)
INFO  [error] 	at java.util.concurrent.FutureTask.run(FutureTask.java:266)
INFO  [error] 	at java.util.concurrent.ThreadPoolExecutor.runWorker(ThreadPoolExecutor.java:1149)
INFO  [error] 	at java.util.concurrent.ThreadPoolExecutor$Worker.run(ThreadPoolExecutor.java:624)
INFO  [error] 	at java.lang.Thread.run(Thread.java:748)
INFO  [error] (update) sbt.librarymanagement.ResolveException: unresolved dependency: ch.epfl.scala#sbt-bloop;1.3.2: Resolution failed several times for dependency: ch.epfl.scala#sbt-bloop;1.3.2 {compile=[default(compile)]}:: 
INFO  [error] 	maven-proxy-releases-jfrog: unable to get resource for ch/epfl/scala#sbt-bloop;1.3.2: res=http://cnjmtr:9527/artifactory/scala-repos/ch/epfl/scala/sbt-bloop_2.12_1.0/1.3.2/sbt-bloop-1.3.2.pom: java.net.ConnectException: Failed to connect to localhost/0:0:0:0:0:0:0:1:60547
INFO  [error] 	maven-proxy-releases: unable to get resource for ch/epfl/scala#sbt-bloop;1.3.2: res=http://cnjmtr:8081/nexus/content/groups/public/ch/epfl/scala/sbt-bloop_2.12_1.0/1.3.2/sbt-bloop-1.3.2.pom: java.net.ConnectException: Failed to connect to localhost/0:0:0:0:0:0:0:1:60547
INFO  [error] 	maven-central: unable to get resource for ch/epfl/scala#sbt-bloop;1.3.2: res=https://repo1.maven.org/maven2/ch/epfl/scala/sbt-bloop_2.12_1.0/1.3.2/sbt-bloop-1.3.2.pom: java.net.ConnectException: Failed to connect to localhost/0:0:0:0:0:0:0:1:60547
INFO  [error] 	oss-central: unable to get resource for ch/epfl/scala#sbt-bloop;1.3.2: res=https://oss.sonatype.org/content/groups/public/ch/epfl/scala/sbt-bloop_2.12_1.0/1.3.2/sbt-bloop-1.3.2.pom: java.net.ConnectException: Failed to connect to localhost/0:0:0:0:0:0:0:1:60547
INFO  [error] 	typesafe-ivy: unable to get resource for ch.epfl.scala#sbt-bloop;1.3.2: res=https://repo.typesafe.com/typesafe/ivy-releases/ch.epfl.scala/sbt-bloop/scala_2.12/sbt_1.0/1.3.2/ivys/ivy.xml: java.net.ConnectException: Failed to connect to localhost/0:0:0:0:0:0:0:1:60547
INFO  [error] 	sbt-plugin-release: unable to get resource for ch.epfl.scala#sbt-bloop;1.3.2: res=https://repo.scala-sbt.org/scalasbt/sbt-plugin-releases/ch.epfl.scala/sbt-bloop/scala_2.12/sbt_1.0/1.3.2/ivys/ivy.xml: java.net.ConnectException: Failed to connect to localhost/0:0:0:0:0:0:0:1:60547
INFO  [error] 	oss-snapshot: unable to get resource for ch/epfl/scala#sbt-bloop;1.3.2: res=https://oss.sonatype.org/content/repositories/snapshots/ch/epfl/scala/sbt-bloop_2.12_1.0/1.3.2/sbt-bloop-1.3.2.pom: java.net.ConnectException: Failed to connect to localhost/0:0:0:0:0:0:0:1:60547
INFO  [error] 	libs-release-local: unable to get resource for ch/epfl/scala#sbt-bloop;1.3.2: res=http://cnjmtr:9527/artifactory/libs-release-local/ch/epfl/scala/sbt-bloop_2.12_1.0/1.3.2/sbt-bloop-1.3.2.pom: java.net.ConnectException: Failed to connect to localhost/0:0:0:0:0:0:0:1:60547
INFO  [error] 
INFO  [error] unresolved dependency: org.scalameta#sbt-metals;0.7.0: Resolution failed several times for dependency: org.scalameta#sbt-metals;0.7.0 {compile=[default(compile)]}:: 
INFO  [error] 	typesafe-ivy-releases: unable to get resource for org.scalameta#sbt-metals;0.7.0: res=https://repo.typesafe.com/typesafe/ivy-releases/org.scalameta/sbt-metals/scala_2.12/sbt_1.0/0.7.0/ivys/ivy.xml: java.net.ConnectException: Failed to connect to localhost/0:0:0:0:0:0:0:1:60547
INFO  [error] 	sbt-plugin-releases: unable to get resource for org.scalameta#sbt-metals;0.7.0: res=https://repo.scala-sbt.org/scalasbt/sbt-plugin-releases/org.scalameta/sbt-metals/scala_2.12/sbt_1.0/0.7.0/ivys/ivy.xml: java.net.ConnectException: Failed to connect to localhost/0:0:0:0:0:0:0:1:60547
INFO  [error] 	ali-maven: unable to get resource for org/scalameta#sbt-metals;0.7.0: res=http://maven.aliyun.com/nexus/content/groups/public/org/scalameta/sbt-metals_2.12_1.0/0.7.0/sbt-metals-0.7.0.pom: java.net.ConnectException: Failed to connect to localhost/0:0:0:0:0:0:0:1:60547
INFO  [error] 	ivy-proxy-releases: unable to get resource for org.scalameta#sbt-metals;0.7.0: res=http://cnjmtr:9527/artifactory/scala-repos/org.scalameta/sbt-metals/scala_2.12/sbt_1.0/0.7.0/ivys/ivy.xml: java.net.ConnectException: Failed to connect to localhost/0:0:0:0:0:0:0:1:60547
INFO  [error] 	maven-proxy-releases-jfrog: unable to get resource for org/scalameta#sbt-metals;0.7.0: res=http://cnjmtr:9527/artifactory/scala-repos/org/scalameta/sbt-metals_2.12_1.0/0.7.0/sbt-metals-0.7.0.pom: java.net.ConnectException: Failed to connect to localhost/0:0:0:0:0:0:0:1:60547
INFO  [error] 	maven-proxy-releases: unable to get resource for org/scalameta#sbt-metals;0.7.0: res=http://cnjmtr:8081/nexus/content/groups/public/org/scalameta/sbt-metals_2.12_1.0/0.7.0/sbt-metals-0.7.0.pom: java.net.ConnectException: Failed to connect to localhost/0:0:0:0:0:0:0:1:60547
INFO  [error] 	maven-central: unable to get resource for org/scalameta#sbt-metals;0.7.0: res=https://repo1.maven.org/maven2/org/scalameta/sbt-metals_2.12_1.0/0.7.0/sbt-metals-0.7.0.pom: java.net.ConnectException: Failed to connect to localhost/0:0:0:0:0:0:0:1:60547
INFO  [error] 	oss-central: unable to get resource for org/scalameta#sbt-metals;0.7.0: res=https://oss.sonatype.org/content/groups/public/org/scalameta/sbt-metals_2.12_1.0/0.7.0/sbt-metals-0.7.0.pom: java.net.ConnectException: Failed to connect to localhost/0:0:0:0:0:0:0:1:60547
INFO  [error] 	typesafe-ivy: unable to get resource for org.scalameta#sbt-metals;0.7.0: res=https://repo.typesafe.com/typesafe/ivy-releases/org.scalameta/sbt-metals/scala_2.12/sbt_1.0/0.7.0/ivys/ivy.xml: java.net.ConnectException: Failed to connect to localhost/0:0:0:0:0:0:0:1:60547
INFO  [error] 	sbt-plugin-release: unable to get resource for org.scalameta#sbt-metals;0.7.0: res=https://repo.scala-sbt.org/scalasbt/sbt-plugin-releases/org.scalameta/sbt-metals/scala_2.12/sbt_1.0/0.7.0/ivys/ivy.xml: java.net.ConnectException: Failed to connect to localhost/0:0:0:0:0:0:0:1:60547
INFO  [error] 	oss-snapshot: unable to get resource for org/scalameta#sbt-metals;0.7.0: res=https://oss.sonatype.org/content/repositories/snapshots/org/scalameta/sbt-metals_2.12_1.0/0.7.0/sbt-metals-0.7.0.pom: java.net.ConnectException: Failed to connect to localhost/0:0:0:0:0:0:0:1:60547
INFO  [error] 	libs-release-local: unable to get resource for org/scalameta#sbt-metals;0.7.0: res=http://cnjmtr:9527/artifactory/libs-release-local/org/scalameta/sbt-metals_2.12_1.0/0.7.0/sbt-metals-0.7.0.pom: java.net.ConnectException: Failed to connect to localhost/0:0:0:0:0:0:0:1:60547
INFO  Project loading failed: (r)etry, (q)uit, (l)ast, or (i)gnore? 
INFO  build tool exit: 1
INFO  time: ran 'sbt bloopInstall' in 1m24s
ERROR sbt command failed: /Library/Java/JavaVirtualMachines/jdk1.8.0_201.jdk/Contents/Home/bin/java -Djline.terminal=jline.UnsupportedTerminal -Dsbt.log.noformat=true -Dfile.encoding=UTF-8 -jar /var/folders/5p/_v5dj3pd5hv4l4sfqwnnb78w0000gn/T/metals8316784969436638950/sbt-launch.jar metalsEnable bloopInstall
WARN  no build target: /Users/huangrichao/project/Learn/quickscala/build.sbt
WARN  no build target: 
WARN  no build target: /Users/huangrichao/project/Learn/quickscala/build.sbt
WARN  no build target: 
INFO  running '/Library/Java/JavaVirtualMachines/jdk1.8.0_201.jdk/Contents/Home/bin/java -Djline.terminal=jline.UnsupportedTerminal -Dsbt.log.noformat=true -Dfile.encoding=UTF-8 -jar /var/folders/5p/_v5dj3pd5hv4l4sfqwnnb78w0000gn/T/metals6681092683666301647/sbt-launch.jar metalsEnable bloopInstall'
INFO  [info] Loading settings for project global-plugins from credentials.sbt,metals.sbt ...
INFO  [info] Loading global plugins from /Users/huangrichao/.sbt/1.0/plugins
INFO  [info] Updating ProjectRef(uri("file:/Users/huangrichao/.sbt/1.0/plugins/"), "global-plugins")...
WARN  no build target: /Users/huangrichao/project/Learn/quickscala/src/main/java/HelloWorld.scala
WARN  no build target: /Users/huangrichao/project/Learn/quickscala/src/main/java/HelloWorld.scala
INFO  no build target: using presentation compiler with only scala-library
WARN  no build target: /Users/huangrichao/project/Learn/quickscala/src/main/java/HelloWorld.scala
WARN  no build target: /Users/huangrichao/project/Learn/quickscala/src/main/java/HelloWorld.scala
WARN  no build target: /Users/huangrichao/project/Learn/quickscala/src/main/java/HelloWorld.scala
WARN  no build target: /Users/huangrichao/project/Learn/quickscala/build.sbt
WARN  no build target: 
WARN  no build target: /Users/huangrichao/project/Learn/quickscala/build.sbt
WARN  no build target: 
七月 15, 2019 11:49:13 下午 org.eclipse.lsp4j.jsonrpc.services.GenericEndpoint notify
信息: Unsupported notification method: $/setTraceNotification
INFO  shutting down Metals
INFO  build tool exit: 143
INFO  time: ran 'sbt bloopInstall' in 3m30s
ERROR sbt command failed: /Library/Java/JavaVirtualMachines/jdk1.8.0_201.jdk/Contents/Home/bin/java -Djline.terminal=jline.UnsupportedTerminal -Dsbt.log.noformat=true -Dfile.encoding=UTF-8 -jar /var/folders/5p/_v5dj3pd5hv4l4sfqwnnb78w0000gn/T/metals6681092683666301647/sbt-launch.jar metalsEnable bloopInstall
INFO  time: initialize in 1.26s
INFO  skipping build import with status 'Started'
WARN  no build target: /Users/huangrichao/project/Learn/quickscala/build.sbt
WARN  no build target: /Users/huangrichao/project/Learn/quickscala/src/main/java/HelloWorld.scala
?? 15, 2019 11:51:04 ?? org.eclipse.lsp4j.jsonrpc.services.GenericEndpoint notify
??: Unsupported notification method: $/setTraceNotification
WARN  no build target: /Users/huangrichao/project/Learn/quickscala/project/plugins.sbt
INFO  no build target: using presentation compiler with only scala-library
?? 15, 2019 11:53:44 ?? org.eclipse.lsp4j.jsonrpc.services.GenericEndpoint notify
??: Unsupported notification method: $/setTraceNotification
?? 15, 2019 11:54:12 ?? org.eclipse.lsp4j.jsonrpc.services.GenericEndpoint notify
??: Unsupported notification method: $/setTraceNotification
?? 15, 2019 11:54:26 ?? org.eclipse.lsp4j.jsonrpc.services.GenericEndpoint notify
??: Unsupported notification method: $/setTraceNotification
?? 15, 2019 11:54:56 ?? org.eclipse.lsp4j.jsonrpc.services.GenericEndpoint notify
??: Unsupported notification method: $/setTraceNotification
?? 15, 2019 11:54:59 ?? org.eclipse.lsp4j.jsonrpc.services.GenericEndpoint notify
??: Unsupported notification method: $/setTraceNotification
?? 15, 2019 11:55:01 ?? org.eclipse.lsp4j.jsonrpc.services.GenericEndpoint notify
??: Unsupported notification method: $/setTraceNotification
?? 15, 2019 11:55:20 ?? org.eclipse.lsp4j.jsonrpc.services.GenericEndpoint notify
??: Unsupported notification method: $/setTraceNotification
?? 15, 2019 11:55:37 ?? org.eclipse.lsp4j.jsonrpc.services.GenericEndpoint notify
??: Unsupported notification method: $/setTraceNotification
?? 15, 2019 11:55:49 ?? org.eclipse.lsp4j.jsonrpc.services.GenericEndpoint notify
??: Unsupported notification method: $/setTraceNotification
?? 15, 2019 11:55:53 ?? org.eclipse.lsp4j.jsonrpc.services.GenericEndpoint notify
??: Unsupported notification method: $/setTraceNotification
?? 15, 2019 11:56:17 ?? org.eclipse.lsp4j.jsonrpc.services.GenericEndpoint notify
??: Unsupported notification method: $/setTraceNotification
?? 15, 2019 11:56:59 ?? org.eclipse.lsp4j.jsonrpc.services.GenericEndpoint notify
??: Unsupported notification method: $/setTraceNotification
?? 15, 2019 11:57:06 ?? org.eclipse.lsp4j.jsonrpc.services.GenericEndpoint notify
??: Unsupported notification method: $/setTraceNotification
?? 15, 2019 11:58:32 ?? org.eclipse.lsp4j.jsonrpc.services.GenericEndpoint notify
??: Unsupported notification method: $/setTraceNotification
?? 15, 2019 11:58:36 ?? org.eclipse.lsp4j.jsonrpc.services.GenericEndpoint notify
??: Unsupported notification method: $/setTraceNotification
?? 15, 2019 11:58:47 ?? org.eclipse.lsp4j.jsonrpc.services.GenericEndpoint notify
??: Unsupported notification method: $/setTraceNotification
?? 15, 2019 11:59:26 ?? org.eclipse.lsp4j.jsonrpc.services.GenericEndpoint notify
??: Unsupported notification method: $/setTraceNotification
?? 15, 2019 11:59:44 ?? org.eclipse.lsp4j.jsonrpc.services.GenericEndpoint notify
??: Unsupported notification method: $/setTraceNotification
WARN  no build target: /Users/huangrichao/project/Learn/quickscala/src/main/java/HelloWorld.scala
WARN  no build target: /Users/huangrichao/project/Learn/quickscala/src/main/java/HelloWorld.scala
WARN  no build target: /Users/huangrichao/project/Learn/quickscala/src/main/java/HelloWorld.scala
WARN  no build target: /Users/huangrichao/project/Learn/quickscala/src/main/java/HelloWorld.scala
WARN  no build target: /Users/huangrichao/project/Learn/quickscala/src/main/java/HelloWorld.scala
WARN  no build target: /Users/huangrichao/project/Learn/quickscala/src/main/java/HelloWorld.scala
WARN  no build target: /Users/huangrichao/project/Learn/quickscala/src/main/java/HelloWorld.scala
WARN  no build target: /Users/huangrichao/project/Learn/quickscala/src/main/java/HelloWorld.scala
